#
# There is insufficient memory for the Java Runtime Environment to continue.
# Native memory allocation (malloc) failed to allocate 276768 bytes for Chunk::new
# Possible reasons:
#   The system is out of physical RAM or swap space
#   In 32 bit mode, the process size limit was hit
# Possible solutions:
#   Reduce memory load on the system
#   Increase physical memory or swap space
#   Check if swap backing store is full
#   Use 64 bit Java on a 64 bit OS
#   Decrease Java heap size (-Xmx/-Xms)
#   Decrease number of Java threads
#   Decrease Java thread stack sizes (-Xss)
#   Set larger code cache with -XX:ReservedCodeCacheSize=
# This output file may be truncated or incomplete.
#
#  Out of Memory Error (allocation.cpp:390), pid=7812, tid=6972
#
# JRE version: Java(TM) SE Runtime Environment (8.0_74-b02) (build 1.8.0_74-b02)
# Java VM: Java HotSpot(TM) 64-Bit Server VM (25.74-b02 mixed mode windows-amd64 compressed oops)
# Failed to write core dump. Minidumps are not enabled by default on client versions of Windows
#

---------------  T H R E A D  ---------------

Current thread (0x00000000153a4800):  JavaThread "C2 CompilerThread0" daemon [_thread_in_native, id=6972, stack(0x00000000164f0000,0x00000000165f0000)]

Stack: [0x00000000164f0000,0x00000000165f0000]
[error occurred during error reporting (printing stack bounds), id 0xc0000005]

Native frames: (J=compiled Java code, j=interpreted, Vv=VM code, C=native code)


Current CompileTask:
C2:  16452 2078 %     4       com.android.dx.ssa.back.IdenticalBlockCombiner::process @ 25 (323 bytes)


---------------  P R O C E S S  ---------------

Java Threads: ( => current thread )
  0x0000000016b2c000 JavaThread "pool-2-thread-4" [_thread_in_Java, id=8196, stack(0x00000000170f0000,0x00000000171f0000)]
  0x0000000016b29000 JavaThread "pool-2-thread-3" [_thread_blocked, id=5700, stack(0x0000000016ff0000,0x00000000170f0000)]
  0x0000000016b1e800 JavaThread "pool-2-thread-2" [_thread_blocked, id=8928, stack(0x0000000016ef0000,0x0000000016ff0000)]
  0x0000000016b0d000 JavaThread "pool-3-thread-1" [_thread_blocked, id=5908, stack(0x0000000016df0000,0x0000000016ef0000)]
  0x0000000016b0a000 JavaThread "pool-2-thread-1" [_thread_in_Java, id=8172, stack(0x0000000016cf0000,0x0000000016df0000)]
  0x0000000015427000 JavaThread "Service Thread" daemon [_thread_blocked, id=2056, stack(0x00000000166f0000,0x00000000167f0000)]
  0x00000000153a8000 JavaThread "C1 CompilerThread1" daemon [_thread_blocked, id=3068, stack(0x00000000165f0000,0x00000000166f0000)]
=>0x00000000153a4800 JavaThread "C2 CompilerThread0" daemon [_thread_in_native, id=6972, stack(0x00000000164f0000,0x00000000165f0000)]
  0x00000000153a3000 JavaThread "Attach Listener" daemon [_thread_blocked, id=7932, stack(0x00000000163f0000,0x00000000164f0000)]
  0x00000000153b2000 JavaThread "Signal Dispatcher" daemon [_thread_blocked, id=8748, stack(0x00000000162f0000,0x00000000163f0000)]
  0x0000000002ee8000 JavaThread "Finalizer" daemon [_thread_blocked, id=6876, stack(0x0000000015ff0000,0x00000000160f0000)]
  0x0000000002edd000 JavaThread "Reference Handler" daemon [_thread_blocked, id=5796, stack(0x0000000015ef0000,0x0000000015ff0000)]
  0x0000000002df2800 JavaThread "main" [_thread_blocked, id=8816, stack(0x00000000029d0000,0x0000000002ad0000)]

Other Threads:
  0x0000000015376000 VMThread [stack: 0x0000000015df0000,0x0000000015ef0000] [id=1528]
  0x000000001542b800 WatcherThread [stack: 0x00000000167f0000,0x00000000168f0000] [id=10116]

VM state:not at safepoint (normal execution)

VM Mutex/Monitor currently owned by a thread: None

Heap:
 PSYoungGen      total 25088K, used 17221K [0x00000000eab00000, 0x00000000f0000000, 0x0000000100000000)
  eden space 22528K, 76% used [0x00000000eab00000,0x00000000ebbd1680,0x00000000ec100000)
  from space 2560K, 0% used [0x00000000ecc80000,0x00000000ecc80000,0x00000000ecf00000)
  to   space 11776K, 0% used [0x00000000ec100000,0x00000000ec100000,0x00000000ecc80000)
 ParOldGen       total 62464K, used 32886K [0x00000000c0000000, 0x00000000c3d00000, 0x00000000eab00000)
  object space 62464K, 52% used [0x00000000c0000000,0x00000000c201d9e8,0x00000000c3d00000)
 Metaspace       used 6296K, capacity 7152K, committed 7296K, reserved 1056768K
  class space    used 595K, capacity 616K, committed 640K, reserved 1048576K

Card table byte_map: [0x00000000122c0000,0x00000000124d0000] byte_map_base: 0x0000000011cc0000

Marking Bits: (ParMarkBitMap*) 0x000000006ad50600
 Begin Bits: [0x0000000012830000, 0x0000000013830000)
 End Bits:   [0x0000000013830000, 0x0000000014830000)

Polling page: 0x0000000002ad0000

CodeCache: size=245760Kb used=9420Kb max_used=9420Kb free=236339Kb
 bounds [0x0000000002f00000, 0x0000000003840000, 0x0000000011f00000]
 total_blobs=2314 nmethods=2046 adapters=181
 compilation: enabled

Compilation events (10 events):
Event: 16.382 Thread 0x00000000153a8000 2082       3       java.util.Vector::grow (57 bytes)
Event: 16.382 Thread 0x00000000153a8000 nmethod 2082 0x000000000382e890 code [0x000000000382ea20, 0x000000000382ef58]
Event: 16.386 Thread 0x00000000153a4800 nmethod 2074 0x0000000003832b90 code [0x0000000003832d40, 0x0000000003833b58]
Event: 16.386 Thread 0x00000000153a4800 2078 %     4       com.android.dx.ssa.back.IdenticalBlockCombiner::process @ 25 (323 bytes)
Event: 16.436 Thread 0x00000000153a8000 2083       3       com.android.dx.dex.file.ClassDataItem::<init> (96 bytes)
Event: 16.436 Thread 0x00000000153a8000 nmethod 2083 0x0000000003832050 code [0x0000000003832260, 0x0000000003832908]
Event: 16.436 Thread 0x00000000153a8000 2084       3       com.android.dx.dex.cf.AttributeTranslator::translateEnclosingMethod (50 bytes)
Event: 16.437 Thread 0x00000000153a8000 nmethod 2084 0x0000000003830990 code [0x0000000003830be0, 0x0000000003831a48]
Event: 16.437 Thread 0x00000000153a8000 2085       3       com.android.dx.dex.cf.AttributeTranslator::translateInnerClasses (356 bytes)
Event: 16.442 Thread 0x00000000153a8000 nmethod 2085 0x00000000038350d0 code [0x00000000038356e0, 0x0000000003839b18]

GC Heap History (10 events):
Event: 6.691 GC heap before
{Heap before GC invocations=5 (full 0):
 PSYoungGen      total 34304K, used 34272K [0x00000000eab00000, 0x00000000ecf00000, 0x0000000100000000)
  eden space 31744K, 100% used [0x00000000eab00000,0x00000000eca00000,0x00000000eca00000)
  from space 2560K, 98% used [0x00000000ecc80000,0x00000000ecef8018,0x00000000ecf00000)
  to   space 2560K, 0% used [0x00000000eca00000,0x00000000eca00000,0x00000000ecc80000)
 ParOldGen       total 42496K, used 8509K [0x00000000c0000000, 0x00000000c2980000, 0x00000000eab00000)
  object space 42496K, 20% used [0x00000000c0000000,0x00000000c084f5d0,0x00000000c2980000)
 Metaspace       used 6248K, capacity 7088K, committed 7296K, reserved 1056768K
  class space    used 591K, capacity 616K, committed 640K, reserved 1048576K
Event: 6.716 GC heap after
Heap after GC invocations=5 (full 0):
 PSYoungGen      total 34304K, used 2541K [0x00000000eab00000, 0x00000000ecf00000, 0x0000000100000000)
  eden space 31744K, 0% used [0x00000000eab00000,0x00000000eab00000,0x00000000eca00000)
  from space 2560K, 99% used [0x00000000eca00000,0x00000000ecc7b7a0,0x00000000ecc80000)
  to   space 2560K, 0% used [0x00000000ecc80000,0x00000000ecc80000,0x00000000ecf00000)
 ParOldGen       total 42496K, used 14264K [0x00000000c0000000, 0x00000000c2980000, 0x00000000eab00000)
  object space 42496K, 33% used [0x00000000c0000000,0x00000000c0dee028,0x00000000c2980000)
 Metaspace       used 6248K, capacity 7088K, committed 7296K, reserved 1056768K
  class space    used 591K, capacity 616K, committed 640K, reserved 1048576K
}
Event: 8.600 GC heap before
{Heap before GC invocations=6 (full 0):
 PSYoungGen      total 34304K, used 34285K [0x00000000eab00000, 0x00000000ecf00000, 0x0000000100000000)
  eden space 31744K, 100% used [0x00000000eab00000,0x00000000eca00000,0x00000000eca00000)
  from space 2560K, 99% used [0x00000000eca00000,0x00000000ecc7b7a0,0x00000000ecc80000)
  to   space 2560K, 0% used [0x00000000ecc80000,0x00000000ecc80000,0x00000000ecf00000)
 ParOldGen       total 42496K, used 14264K [0x00000000c0000000, 0x00000000c2980000, 0x00000000eab00000)
  object space 42496K, 33% used [0x00000000c0000000,0x00000000c0dee028,0x00000000c2980000)
 Metaspace       used 6260K, capacity 7152K, committed 7296K, reserved 1056768K
  class space    used 591K, capacity 616K, committed 640K, reserved 1048576K
Event: 8.758 GC heap after
Heap after GC invocations=6 (full 0):
 PSYoungGen      total 34304K, used 2544K [0x00000000eab00000, 0x00000000ecf00000, 0x0000000100000000)
  eden space 31744K, 0% used [0x00000000eab00000,0x00000000eab00000,0x00000000eca00000)
  from space 2560K, 99% used [0x00000000ecc80000,0x00000000ecefc028,0x00000000ecf00000)
  to   space 2560K, 0% used [0x00000000eca00000,0x00000000eca00000,0x00000000ecc80000)
 ParOldGen       total 42496K, used 19131K [0x00000000c0000000, 0x00000000c2980000, 0x00000000eab00000)
  object space 42496K, 45% used [0x00000000c0000000,0x00000000c12aed18,0x00000000c2980000)
 Metaspace       used 6260K, capacity 7152K, committed 7296K, reserved 1056768K
  class space    used 591K, capacity 616K, committed 640K, reserved 1048576K
}
Event: 12.546 GC heap before
{Heap before GC invocations=7 (full 0):
 PSYoungGen      total 34304K, used 34288K [0x00000000eab00000, 0x00000000ecf00000, 0x0000000100000000)
  eden space 31744K, 100% used [0x00000000eab00000,0x00000000eca00000,0x00000000eca00000)
  from space 2560K, 99% used [0x00000000ecc80000,0x00000000ecefc028,0x00000000ecf00000)
  to   space 2560K, 0% used [0x00000000eca00000,0x00000000eca00000,0x00000000ecc80000)
 ParOldGen       total 42496K, used 19131K [0x00000000c0000000, 0x00000000c2980000, 0x00000000eab00000)
  object space 42496K, 45% used [0x00000000c0000000,0x00000000c12aed18,0x00000000c2980000)
 Metaspace       used 6276K, capacity 7152K, committed 7296K, reserved 1056768K
  class space    used 593K, capacity 616K, committed 640K, reserved 1048576K
Event: 12.651 GC heap after
Heap after GC invocations=7 (full 0):
 PSYoungGen      total 34304K, used 2541K [0x00000000eab00000, 0x00000000ecf00000, 0x0000000100000000)
  eden space 31744K, 0% used [0x00000000eab00000,0x00000000eab00000,0x00000000eca00000)
  from space 2560K, 99% used [0x00000000eca00000,0x00000000ecc7b738,0x00000000ecc80000)
  to   space 2560K, 0% used [0x00000000ecc80000,0x00000000ecc80000,0x00000000ecf00000)
 ParOldGen       total 42496K, used 26934K [0x00000000c0000000, 0x00000000c2980000, 0x00000000eab00000)
  object space 42496K, 63% used [0x00000000c0000000,0x00000000c1a4d920,0x00000000c2980000)
 Metaspace       used 6276K, capacity 7152K, committed 7296K, reserved 1056768K
  class space    used 593K, capacity 616K, committed 640K, reserved 1048576K
}
Event: 15.905 GC heap before
{Heap before GC invocations=8 (full 0):
 PSYoungGen      total 34304K, used 34285K [0x00000000eab00000, 0x00000000ecf00000, 0x0000000100000000)
  eden space 31744K, 100% used [0x00000000eab00000,0x00000000eca00000,0x00000000eca00000)
  from space 2560K, 99% used [0x00000000eca00000,0x00000000ecc7b738,0x00000000ecc80000)
  to   space 2560K, 0% used [0x00000000ecc80000,0x00000000ecc80000,0x00000000ecf00000)
 ParOldGen       total 42496K, used 26934K [0x00000000c0000000, 0x00000000c2980000, 0x00000000eab00000)
  object space 42496K, 63% used [0x00000000c0000000,0x00000000c1a4d920,0x00000000c2980000)
 Metaspace       used 6294K, capacity 7152K, committed 7296K, reserved 1056768K
  class space    used 595K, capacity 616K, committed 640K, reserved 1048576K
Event: 15.930 GC heap after
Heap after GC invocations=8 (full 0):
 PSYoungGen      total 25088K, used 2548K [0x00000000eab00000, 0x00000000f0000000, 0x0000000100000000)
  eden space 22528K, 0% used [0x00000000eab00000,0x00000000eab00000,0x00000000ec100000)
  from space 2560K, 99% used [0x00000000ecc80000,0x00000000ecefd370,0x00000000ecf00000)
  to   space 11776K, 0% used [0x00000000ec100000,0x00000000ec100000,0x00000000ecc80000)
 ParOldGen       total 42496K, used 34040K [0x00000000c0000000, 0x00000000c2980000, 0x00000000eab00000)
  object space 42496K, 80% used [0x00000000c0000000,0x00000000c213e050,0x00000000c2980000)
 Metaspace       used 6294K, capacity 7152K, committed 7296K, reserved 1056768K
  class space    used 595K, capacity 616K, committed 640K, reserved 1048576K
}
Event: 15.930 GC heap before
{Heap before GC invocations=9 (full 1):
 PSYoungGen      total 25088K, used 2548K [0x00000000eab00000, 0x00000000f0000000, 0x0000000100000000)
  eden space 22528K, 0% used [0x00000000eab00000,0x00000000eab00000,0x00000000ec100000)
  from space 2560K, 99% used [0x00000000ecc80000,0x00000000ecefd370,0x00000000ecf00000)
  to   space 11776K, 0% used [0x00000000ec100000,0x00000000ec100000,0x00000000ecc80000)
 ParOldGen       total 42496K, used 34040K [0x00000000c0000000, 0x00000000c2980000, 0x00000000eab00000)
  object space 42496K, 80% used [0x00000000c0000000,0x00000000c213e050,0x00000000c2980000)
 Metaspace       used 6294K, capacity 7152K, committed 7296K, reserved 1056768K
  class space    used 595K, capacity 616K, committed 640K, reserved 1048576K
Event: 16.347 GC heap after
Heap after GC invocations=9 (full 1):
 PSYoungGen      total 25088K, used 0K [0x00000000eab00000, 0x00000000f0000000, 0x0000000100000000)
  eden space 22528K, 0% used [0x00000000eab00000,0x00000000eab00000,0x00000000ec100000)
  from space 2560K, 0% used [0x00000000ecc80000,0x00000000ecc80000,0x00000000ecf00000)
  to   space 11776K, 0% used [0x00000000ec100000,0x00000000ec100000,0x00000000ecc80000)
 ParOldGen       total 62464K, used 32886K [0x00000000c0000000, 0x00000000c3d00000, 0x00000000eab00000)
  object space 62464K, 52% used [0x00000000c0000000,0x00000000c201d9e8,0x00000000c3d00000)
 Metaspace       used 6294K, capacity 7152K, committed 7296K, reserved 1056768K
  class space    used 595K, capacity 616K, committed 640K, reserved 1048576K
}

Deoptimization events (10 events):
Event: 5.621 Thread 0x0000000016b1e800 Uncommon trap: reason=unstable_if action=reinterpret pc=0x000000000345aa0c method=com.android.dx.util.LabeledList.set(ILcom/android/dx/util/LabeledItem;)V @ 16
Event: 6.718 Thread 0x0000000016b29000 Uncommon trap: reason=speculate_class_check action=maybe_recompile pc=0x00000000035bd354 method=com.android.dx.rop.cst.TypedConstant.getBasicType()I @ 1
Event: 6.732 Thread 0x0000000016b29000 Uncommon trap: reason=unstable_if action=reinterpret pc=0x00000000035e5134 method=com.android.dx.rop.code.BasicBlockList.preferredSuccessorOf(Lcom/android/dx/rop/code/BasicBlock;)Lcom/android/dx/rop/code/BasicBlock; @ 58
Event: 7.157 Thread 0x0000000016b29000 Uncommon trap: reason=unstable_if action=reinterpret pc=0x00000000035d0aec method=com.android.dx.util.BitIntSet.has(I)Z @ 8
Event: 8.489 Thread 0x0000000016b2c000 Uncommon trap: reason=null_check action=make_not_entrant pc=0x000000000366051c method=com.android.dx.cf.code.Ropper$CatchInfo.getSetup(Lcom/android/dx/rop/type/Type;)Lcom/android/dx/cf/code/Ropper$ExceptionHandlerSetup; @ 10
Event: 8.792 Thread 0x0000000016b0a000 Uncommon trap: reason=unstable_if action=reinterpret pc=0x00000000033699dc method=com.android.dx.ssa.SsaMethod.updateOneDefinition(Lcom/android/dx/ssa/SsaInsn;Lcom/android/dx/rop/code/RegisterSpec;)V @ 4
Event: 13.134 Thread 0x0000000016b2c000 Uncommon trap: reason=predicate action=maybe_recompile pc=0x00000000036aa884 method=com.android.dx.ssa.DomFront.run()[Lcom/android/dx/ssa/DomFront$DomInfo; @ 175
Event: 13.753 Thread 0x0000000016b2c000 Uncommon trap: reason=class_check action=maybe_recompile pc=0x00000000037a1328 method=com.android.dx.ssa.SsaConverter.placePhiFunctions(Lcom/android/dx/ssa/SsaMethod;Lcom/android/dx/ssa/LocalVariableInfo;I)V @ 257
Event: 15.470 Thread 0x0000000016b2c000 Uncommon trap: reason=unstable_if action=reinterpret pc=0x00000000037be35c method=java.lang.Integer.valueOf(I)Ljava/lang/Integer; @ 10
Event: 15.623 Thread 0x0000000016b1e800 Uncommon trap: reason=unstable_if action=reinterpret pc=0x0000000003564da4 method=com.android.dx.cf.code.BytecodeArray.parseInstruction(ILcom/android/dx/cf/code/BytecodeArray$Visitor;)I @ 1198

Internal exceptions (4 events):
Event: 0.044 Thread 0x0000000002df2800 Exception <a 'java/lang/NoSuchMethodError': Method sun.misc.Unsafe.defineClass(Ljava/lang/String;[BII)Ljava/lang/Class; name or signature does not match> (0x00000000eab07cc0) thrown at [C:\re\workspace\8-2-build-windows-amd64-cygwin\jdk8u74\6087\hotspot\sr]√¢Rè∂¶?
Event: 0.044 Thread 0x0000000002df2800 Exception <a 'java/lang/NoSuchMethodError': Method sun.misc.Unsafe.prefetchRead(Ljava/lang/Object;J)V name or signature does not match> (0x00000000eab07fa8) thrown at [C:\re\workspace\8-2-build-windows-amd64-cygwin\jdk8u74\6087\hotspot\src\share\vm\prims\j•ÀrbÙ@
Event: 3.869 Thread 0x0000000016b1e800 Implicit null exception at 0x0000000003344362 to 0x0000000003344452
Event: 8.489 Thread 0x0000000016b2c000 Implicit null exception at 0x000000000365be3c to 0x00000000036604dd

Events (10 events):
Event: 15.470 Thread 0x0000000016b2c000 DEOPT UNPACKING pc=0x0000000002f4582a sp=0x00000000171eebe0 mode 2
Event: 15.623 Thread 0x0000000016b1e800 Uncommon trap: trap_request=0xffffff65 fr.pc=0x0000000003564da4
Event: 15.623 Thread 0x0000000016b1e800 DEOPT PACKING pc=0x0000000003564da4 sp=0x0000000016feea50
Event: 15.623 Thread 0x0000000016b1e800 DEOPT UNPACKING pc=0x0000000002f4582a sp=0x0000000016fee9e8 mode 2
Event: 15.653 loading class com/android/dx/cf/code/BytecodeArray$ConstantParserVisitor
Event: 15.653 loading class com/android/dx/cf/code/BytecodeArray$ConstantParserVisitor done
Event: 15.767 Executing VM operation: ParallelGCFailedAllocation
Event: 16.347 Executing VM operation: ParallelGCFailedAllocation done
Event: 16.377 Thread 0x0000000016b2c000 DEOPT PACKING pc=0x000000000362619a sp=0x00000000171eec10
Event: 16.377 Thread 0x0000000016b2c000 DEOPT UNPACKING pc=0x0000000002f4747f sp=0x00000000171ee948 mode 0


Dynamic libraries:
0x000007f7c5f30000 - 0x000007f7c5f67000 	C:\Program Files\Java\jdk1.8.0_74\bin\java.exe
0x000007fabf490000 - 0x000007fabf64d000 	C:\WINDOWS\SYSTEM32\ntdll.dll
0x000007fabee60000 - 0x000007fabef96000 	C:\WINDOWS\system32\KERNEL32.DLL
0x000007fabc5d0000 - 0x000007fabc6c4000 	C:\WINDOWS\system32\KERNELBASE.dll
0x000007fabcb60000 - 0x000007fabcc3e000 	C:\WINDOWS\system32\ADVAPI32.dll
0x000007fabc9b0000 - 0x000007fabcafc000 	C:\WINDOWS\system32\USER32.dll
0x000007fab9f10000 - 0x000007faba17a000 	C:\WINDOWS\WinSxS\amd64_microsoft.windows.common-controls_6595b64144ccf1df_6.0.9200.17359_none_4188b989718cf1c6\COMCTL32.dll
0x000007fabd2b0000 - 0x000007fabd355000 	C:\WINDOWS\system32\msvcrt.dll
0x000007fabec10000 - 0x000007fabec58000 	C:\WINDOWS\SYSTEM32\sechost.dll
0x000007fabc860000 - 0x000007fabc9a5000 	C:\WINDOWS\system32\RPCRT4.dll
0x000007fabeff0000 - 0x000007fabf131000 	C:\WINDOWS\system32\GDI32.dll
0x000007fabd750000 - 0x000007fabd789000 	C:\WINDOWS\system32\IMM32.DLL
0x000007fabea80000 - 0x000007fabeb95000 	C:\WINDOWS\system32\MSCTF.dll
0x000000006a010000 - 0x000000006a0e2000 	C:\Program Files\Java\jdk1.8.0_74\jre\bin\msvcr100.dll
0x000000006a540000 - 0x000000006add0000 	C:\Program Files\Java\jdk1.8.0_74\jre\bin\server\jvm.dll
0x000007fab5870000 - 0x000007fab5879000 	C:\WINDOWS\SYSTEM32\WSOCK32.dll
0x000007fab5920000 - 0x000007fab5940000 	C:\WINDOWS\SYSTEM32\WINMM.dll
0x000007fab60d0000 - 0x000007fab60d9000 	C:\WINDOWS\SYSTEM32\VERSION.dll
0x000007fabefb0000 - 0x000007fabefb7000 	C:\WINDOWS\system32\PSAPI.DLL
0x000007fabcb00000 - 0x000007fabcb58000 	C:\WINDOWS\system32\WS2_32.dll
0x000007fab58e0000 - 0x000007fab5912000 	C:\WINDOWS\SYSTEM32\WINMMBASE.dll
0x000007fabd2a0000 - 0x000007fabd2a9000 	C:\WINDOWS\system32\NSI.dll
0x000000006a530000 - 0x000000006a53f000 	C:\Program Files\Java\jdk1.8.0_74\jre\bin\verify.dll
0x000000006a500000 - 0x000000006a529000 	C:\Program Files\Java\jdk1.8.0_74\jre\bin\java.dll
0x000000006a4e0000 - 0x000000006a4f6000 	C:\Program Files\Java\jdk1.8.0_74\jre\bin\zip.dll
0x000007fabd790000 - 0x000007fabea75000 	C:\WINDOWS\system32\SHELL32.dll
0x000007fabecb0000 - 0x000007fabee60000 	C:\WINDOWS\SYSTEM32\combase.dll
0x000007fabec60000 - 0x000007fabecb0000 	C:\WINDOWS\system32\SHLWAPI.dll
0x000007faba370000 - 0x000007faba406000 	C:\WINDOWS\SYSTEM32\SHCORE.dll
0x000007fabc3b0000 - 0x000007fabc3c5000 	C:\WINDOWS\system32\profapi.dll

VM Arguments:
jvm_args: -Djava.awt.headless=true -Xmx1024M -Dfile.encoding=windows-1252 -Duser.country=ZA -Duser.language=en -Duser.variant 
java_command: com.android.dx.command.Main --dex --force-jumbo --num-threads=4 --multi-dex --output C:\Users\ObesT\team06\NewFiles(27-07-2016)\IntelliFleetMobile\app\build\intermediates\transforms\dex\debug\folders\1000\10\com.google.android.gms-play-services-games-9.4.0_729be782e961c845a7fb203be7625e5f4a83c0c6 C:\Users\ObesT\team06\NewFiles(27-07-2016)\IntelliFleetMobile\app\build\intermediates\exploded-aar\com.google.android.gms\play-services-games\9.4.0\jars\classes.jar
java_class_path (initial): C:\Users\ObesT\AppData\Local\Android\sdk\build-tools\build-tools-23.0.1\lib\dx.jar
Launcher Type: SUN_STANDARD

Environment Variables:
JAVA_HOME=C:\Program Files\Java\jdk1.8.0_74
PATH=C:\ProgramData\Oracle\Java\javapath;C:\Program Files\Broadcom\Broadcom 802.11 Network Adapter\Driver;C:\Program Files (x86)\Intel\iCLS Client\;C:\Program Files\Intel\iCLS Client\;C:\WINDOWS\system32;C:\WINDOWS;C:\WINDOWS\System32\Wbem;C:\WINDOWS\System32\WindowsPowerShell\v1.0\;C:\Program Files\Intel\Intel(R) Management Engine Components\DAL;C:\Program Files\Intel\Intel(R) Management Engine Components\IPT;C:\Program Files (x86)\Intel\Intel(R) Management Engine Components\DAL;C:\Program Files (x86)\Intel\Intel(R) Management Engine Components\IPT;C:\Program Files (x86)\Intel\OpenCL SDK\2.0\bin\x86;C:\Program Files (x86)\Intel\OpenCL SDK\2.0\bin\x64;C:\Program Files\Microsoft\Web Platform Installer\;C:\Program Files (x86)\Microsoft ASP.NET\ASP.NET Web Pages\v1.0\;C:\Program Files\Microsoft SQL Server\110\Tools\Binn\;C:\Program Files\Git\cmd;C:\Program Files (x86)\Common Files\lenovo\easyplussdk\bin;C:\Program Files (x86)\Windows Kits\8.1\Windows Performance Toolkit\;C:\Program Files\Microsoft SQL Server\130\Tools\Binn\;C:\Program Files\Microsoft SQL Server\Client SDK\ODBC\110\Tools\Binn\;C:\Program Files (x86)\Microsoft SQL Server\130\Tools\Binn\;C:\Program Files\Microsoft SQL Server\130\DTS\Binn\;C:\Program Files (x86)\Microsoft SQL Server\130\Tools\Binn\ManagementStudio\;C:\Program Files (x86)\Microsoft SQL Server\130\DTS\Binn\
USERNAME=ObesT
OS=Windows_NT
PROCESSOR_IDENTIFIER=Intel64 Family 6 Model 42 Stepping 7, GenuineIntel



---------------  S Y S T E M  ---------------

OS: Windows 8 , 64 bit Build 9200 (6.2.9200.16815)

CPU:total 2 (2 cores per cpu, 1 threads per core) family 6 model 42 stepping 7, cmov, cx8, fxsr, mmx, sse, sse2, sse3, ssse3, sse4.1, sse4.2, popcnt, clmul, tsc, tscinvbit

Memory: 4k page, physical 4036004k(256280k free), swap 8230308k(5080k free)

vm_info: Java HotSpot(TM) 64-Bit Server VM (25.74-b02) for windows-amd64 JRE (1.8.0_74-b02), built on Jan 29 2016 17:42:36 by "java_re" with MS VC++ 10.0 (VS2010)

time: Sun Sep 11 18:03:02 2016
elapsed time: 16 seconds (0d 0h 0m 16s)

