#
# There is insufficient memory for the Java Runtime Environment to continue.
# Native memory allocation (malloc) failed to allocate 874016 bytes for Chunk::new
# Possible reasons:
#   The system is out of physical RAM or swap space
#   In 32 bit mode, the process size limit was hit
# Possible solutions:
#   Reduce memory load on the system
#   Increase physical memory or swap space
#   Check if swap backing store is full
#   Use 64 bit Java on a 64 bit OS
#   Decrease Java heap size (-Xmx/-Xms)
#   Decrease number of Java threads
#   Decrease Java thread stack sizes (-Xss)
#   Set larger code cache with -XX:ReservedCodeCacheSize=
# This output file may be truncated or incomplete.
#
#  Out of Memory Error (allocation.cpp:390), pid=7308, tid=1132
#
# JRE version: Java(TM) SE Runtime Environment (8.0_74-b02) (build 1.8.0_74-b02)
# Java VM: Java HotSpot(TM) 64-Bit Server VM (25.74-b02 mixed mode windows-amd64 compressed oops)
# Failed to write core dump. Minidumps are not enabled by default on client versions of Windows
#

---------------  T H R E A D  ---------------

Current thread (0x0000000015454800):  JavaThread "C2 CompilerThread0" daemon [_thread_in_native, id=1132, stack(0x0000000016580000,0x0000000016680000)]

Stack: [0x0000000016580000,0x0000000016680000]
[error occurred during error reporting (printing stack bounds), id 0xc0000005]

Native frames: (J=compiled Java code, j=interpreted, Vv=VM code, C=native code)


Current CompileTask:
C2:  15970 2024       4       com.android.dx.ssa.SCCP::simulatePhi (169 bytes)


---------------  P R O C E S S  ---------------

Java Threads: ( => current thread )
  0x0000000016bbe000 JavaThread "pool-2-thread-4" [_thread_blocked, id=2880, stack(0x0000000017180000,0x0000000017280000)]
  0x0000000016bbd800 JavaThread "pool-2-thread-3" [_thread_blocked, id=8564, stack(0x0000000017080000,0x0000000017180000)]
  0x0000000016bb1000 JavaThread "pool-2-thread-2" [_thread_blocked, id=9972, stack(0x0000000016f80000,0x0000000017080000)]
  0x0000000016bad800 JavaThread "pool-3-thread-1" [_thread_blocked, id=6008, stack(0x0000000016e80000,0x0000000016f80000)]
  0x0000000016b9c800 JavaThread "pool-2-thread-1" [_thread_blocked, id=10224, stack(0x0000000016d80000,0x0000000016e80000)]
  0x000000001545b000 JavaThread "Service Thread" daemon [_thread_blocked, id=6020, stack(0x0000000016780000,0x0000000016880000)]
  0x0000000015458000 JavaThread "C1 CompilerThread1" daemon [_thread_blocked, id=6620, stack(0x0000000016680000,0x0000000016780000)]
=>0x0000000015454800 JavaThread "C2 CompilerThread0" daemon [_thread_in_native, id=1132, stack(0x0000000016580000,0x0000000016680000)]
  0x0000000015453000 JavaThread "Attach Listener" daemon [_thread_blocked, id=6964, stack(0x0000000016480000,0x0000000016580000)]
  0x0000000015462000 JavaThread "Signal Dispatcher" daemon [_thread_blocked, id=4464, stack(0x0000000016380000,0x0000000016480000)]
  0x0000000002fc8000 JavaThread "Finalizer" daemon [_thread_blocked, id=7576, stack(0x0000000016090000,0x0000000016190000)]
  0x0000000002fbd000 JavaThread "Reference Handler" daemon [_thread_blocked, id=9496, stack(0x0000000015f90000,0x0000000016090000)]
  0x0000000002ed2800 JavaThread "main" [_thread_blocked, id=4456, stack(0x0000000002a70000,0x0000000002b70000)]

Other Threads:
  0x0000000015425000 VMThread [stack: 0x0000000015e90000,0x0000000015f90000] [id=8884]
  0x0000000015486800 WatcherThread [stack: 0x0000000016880000,0x0000000016980000] [id=10096]

VM state:not at safepoint (normal execution)

VM Mutex/Monitor currently owned by a thread: None

Heap:
 PSYoungGen      total 70656K, used 60563K [0x00000000eab00000, 0x00000000ef900000, 0x0000000100000000)
  eden space 62976K, 83% used [0x00000000eab00000,0x00000000edea5098,0x00000000ee880000)
  from space 7680K, 99% used [0x00000000ef080000,0x00000000ef7ffdc0,0x00000000ef800000)
  to   space 8192K, 0% used [0x00000000ee880000,0x00000000ee880000,0x00000000ef080000)
 ParOldGen       total 42496K, used 31625K [0x00000000c0000000, 0x00000000c2980000, 0x00000000eab00000)
  object space 42496K, 74% used [0x00000000c0000000,0x00000000c1ee2740,0x00000000c2980000)
 Metaspace       used 6397K, capacity 7256K, committed 7424K, reserved 1056768K
  class space    used 617K, capacity 656K, committed 768K, reserved 1048576K

Card table byte_map: [0x0000000012390000,0x00000000125a0000] byte_map_base: 0x0000000011d90000

Marking Bits: (ParMarkBitMap*) 0x000000006ad50600
 Begin Bits: [0x0000000012900000, 0x0000000013900000)
 End Bits:   [0x0000000013900000, 0x0000000014900000)

Polling page: 0x00000000012d0000

CodeCache: size=245760Kb used=8755Kb max_used=8766Kb free=237004Kb
 bounds [0x0000000002fd0000, 0x0000000003870000, 0x0000000011fd0000]
 total_blobs=2246 nmethods=1977 adapters=182
 compilation: enabled

Compilation events (10 events):
Event: 15.738 Thread 0x0000000015458000 2050       2       com.android.dx.cf.code.Simulator::requiredArrayTypeFor (61 bytes)
Event: 15.739 Thread 0x0000000015458000 nmethod 2050 0x0000000003823f10 code [0x00000000038240c0, 0x00000000038243b8]
Event: 15.740 Thread 0x0000000015458000 2051       1       com.android.dx.cf.code.BaseMachine::getAuxInt (5 bytes)
Event: 15.740 Thread 0x0000000015458000 nmethod 2051 0x0000000003823c50 code [0x0000000003823da0, 0x0000000003823eb0]
Event: 15.823 Thread 0x0000000015454800 nmethod 2029% 0x00000000038610d0 code [0x0000000003861480, 0x00000000038653a0]
Event: 15.823 Thread 0x0000000015454800 2021       4       com.android.dx.ssa.SsaMethod::makeExitBlock (134 bytes)
Event: 15.852 Thread 0x0000000015454800 nmethod 2021 0x000000000385bed0 code [0x000000000385c0c0, 0x000000000385cd08]
Event: 15.852 Thread 0x0000000015454800 2027       4       com.android.dx.ssa.InterferenceRegisterMapper::addInterfence (62 bytes)
Event: 15.886 Thread 0x0000000015454800 nmethod 2027 0x000000000385e1d0 code [0x000000000385e380, 0x000000000385eff8]
Event: 15.886 Thread 0x0000000015454800 2024       4       com.android.dx.ssa.SCCP::simulatePhi (169 bytes)

GC Heap History (10 events):
Event: 2.420 GC heap before
{Heap before GC invocations=4 (full 0):
 PSYoungGen      total 18432K, used 18400K [0x00000000eab00000, 0x00000000ecf00000, 0x0000000100000000)
  eden space 15872K, 100% used [0x00000000eab00000,0x00000000eba80000,0x00000000eba80000)
  from space 2560K, 98% used [0x00000000eba80000,0x00000000ebcf8028,0x00000000ebd00000)
  to   space 2560K, 0% used [0x00000000ecc80000,0x00000000ecc80000,0x00000000ecf00000)
 ParOldGen       total 42496K, used 6590K [0x00000000c0000000, 0x00000000c2980000, 0x00000000eab00000)
  object space 42496K, 15% used [0x00000000c0000000,0x00000000c066f818,0x00000000c2980000)
 Metaspace       used 6133K, capacity 7088K, committed 7296K, reserved 1056768K
  class space    used 596K, capacity 616K, committed 640K, reserved 1048576K
Event: 2.441 GC heap after
Heap after GC invocations=4 (full 0):
 PSYoungGen      total 34304K, used 2552K [0x00000000eab00000, 0x00000000ecf00000, 0x0000000100000000)
  eden space 31744K, 0% used [0x00000000eab00000,0x00000000eab00000,0x00000000eca00000)
  from space 2560K, 99% used [0x00000000ecc80000,0x00000000ecefe050,0x00000000ecf00000)
  to   space 2560K, 0% used [0x00000000eca00000,0x00000000eca00000,0x00000000ecc80000)
 ParOldGen       total 42496K, used 9462K [0x00000000c0000000, 0x00000000c2980000, 0x00000000eab00000)
  object space 42496K, 22% used [0x00000000c0000000,0x00000000c093dbf0,0x00000000c2980000)
 Metaspace       used 6133K, capacity 7088K, committed 7296K, reserved 1056768K
  class space    used 596K, capacity 616K, committed 640K, reserved 1048576K
}
Event: 3.477 GC heap before
{Heap before GC invocations=5 (full 0):
 PSYoungGen      total 34304K, used 34296K [0x00000000eab00000, 0x00000000ecf00000, 0x0000000100000000)
  eden space 31744K, 100% used [0x00000000eab00000,0x00000000eca00000,0x00000000eca00000)
  from space 2560K, 99% used [0x00000000ecc80000,0x00000000ecefe050,0x00000000ecf00000)
  to   space 2560K, 0% used [0x00000000eca00000,0x00000000eca00000,0x00000000ecc80000)
 ParOldGen       total 42496K, used 9462K [0x00000000c0000000, 0x00000000c2980000, 0x00000000eab00000)
  object space 42496K, 22% used [0x00000000c0000000,0x00000000c093dbf0,0x00000000c2980000)
 Metaspace       used 6180K, capacity 7088K, committed 7296K, reserved 1056768K
  class space    used 596K, capacity 616K, committed 640K, reserved 1048576K
Event: 3.522 GC heap after
Heap after GC invocations=5 (full 0):
 PSYoungGen      total 34304K, used 2538K [0x00000000eab00000, 0x00000000ef800000, 0x0000000100000000)
  eden space 31744K, 0% used [0x00000000eab00000,0x00000000eab00000,0x00000000eca00000)
  from space 2560K, 99% used [0x00000000eca00000,0x00000000ecc7aac8,0x00000000ecc80000)
  to   space 7680K, 0% used [0x00000000ef080000,0x00000000ef080000,0x00000000ef800000)
 ParOldGen       total 42496K, used 14408K [0x00000000c0000000, 0x00000000c2980000, 0x00000000eab00000)
  object space 42496K, 33% used [0x00000000c0000000,0x00000000c0e12088,0x00000000c2980000)
 Metaspace       used 6180K, capacity 7088K, committed 7296K, reserved 1056768K
  class space    used 596K, capacity 616K, committed 640K, reserved 1048576K
}
Event: 4.112 GC heap before
{Heap before GC invocations=6 (full 0):
 PSYoungGen      total 34304K, used 34282K [0x00000000eab00000, 0x00000000ef800000, 0x0000000100000000)
  eden space 31744K, 100% used [0x00000000eab00000,0x00000000eca00000,0x00000000eca00000)
  from space 2560K, 99% used [0x00000000eca00000,0x00000000ecc7aac8,0x00000000ecc80000)
  to   space 7680K, 0% used [0x00000000ef080000,0x00000000ef080000,0x00000000ef800000)
 ParOldGen       total 42496K, used 14408K [0x00000000c0000000, 0x00000000c2980000, 0x00000000eab00000)
  object space 42496K, 33% used [0x00000000c0000000,0x00000000c0e12088,0x00000000c2980000)
 Metaspace       used 6192K, capacity 7152K, committed 7296K, reserved 1056768K
  class space    used 596K, capacity 616K, committed 640K, reserved 1048576K
Event: 4.137 GC heap after
Heap after GC invocations=6 (full 0):
 PSYoungGen      total 70656K, used 7335K [0x00000000eab00000, 0x00000000ef900000, 0x0000000100000000)
  eden space 62976K, 0% used [0x00000000eab00000,0x00000000eab00000,0x00000000ee880000)
  from space 7680K, 95% used [0x00000000ef080000,0x00000000ef7a9f48,0x00000000ef800000)
  to   space 8192K, 0% used [0x00000000ee880000,0x00000000ee880000,0x00000000ef080000)
 ParOldGen       total 42496K, used 14408K [0x00000000c0000000, 0x00000000c2980000, 0x00000000eab00000)
  object space 42496K, 33% used [0x00000000c0000000,0x00000000c0e12088,0x00000000c2980000)
 Metaspace       used 6192K, capacity 7152K, committed 7296K, reserved 1056768K
  class space    used 596K, capacity 616K, committed 640K, reserved 1048576K
}
Event: 5.516 GC heap before
{Heap before GC invocations=7 (full 0):
 PSYoungGen      total 70656K, used 70311K [0x00000000eab00000, 0x00000000ef900000, 0x0000000100000000)
  eden space 62976K, 100% used [0x00000000eab00000,0x00000000ee880000,0x00000000ee880000)
  from space 7680K, 95% used [0x00000000ef080000,0x00000000ef7a9f48,0x00000000ef800000)
  to   space 8192K, 0% used [0x00000000ee880000,0x00000000ee880000,0x00000000ef080000)
 ParOldGen       total 42496K, used 14408K [0x00000000c0000000, 0x00000000c2980000, 0x00000000eab00000)
  object space 42496K, 33% used [0x00000000c0000000,0x00000000c0e12088,0x00000000c2980000)
 Metaspace       used 6334K, capacity 7192K, committed 7424K, reserved 1056768K
  class space    used 616K, capacity 656K, committed 768K, reserved 1048576K
Event: 5.766 GC heap after
Heap after GC invocations=7 (full 0):
 PSYoungGen      total 71168K, used 8165K [0x00000000eab00000, 0x00000000ef900000, 0x0000000100000000)
  eden space 62976K, 0% used [0x00000000eab00000,0x00000000eab00000,0x00000000ee880000)
  from space 8192K, 99% used [0x00000000ee880000,0x00000000ef0796d8,0x00000000ef080000)
  to   space 7680K, 0% used [0x00000000ef080000,0x00000000ef080000,0x00000000ef800000)
 ParOldGen       total 42496K, used 21551K [0x00000000c0000000, 0x00000000c2980000, 0x00000000eab00000)
  object space 42496K, 50% used [0x00000000c0000000,0x00000000c150bcc8,0x00000000c2980000)
 Metaspace       used 6334K, capacity 7192K, committed 7424K, reserved 1056768K
  class space    used 616K, capacity 656K, committed 768K, reserved 1048576K
}
Event: 9.916 GC heap before
{Heap before GC invocations=8 (full 0):
 PSYoungGen      total 71168K, used 71141K [0x00000000eab00000, 0x00000000ef900000, 0x0000000100000000)
  eden space 62976K, 100% used [0x00000000eab00000,0x00000000ee880000,0x00000000ee880000)
  from space 8192K, 99% used [0x00000000ee880000,0x00000000ef0796d8,0x00000000ef080000)
  to   space 7680K, 0% used [0x00000000ef080000,0x00000000ef080000,0x00000000ef800000)
 ParOldGen       total 42496K, used 21551K [0x00000000c0000000, 0x00000000c2980000, 0x00000000eab00000)
  object space 42496K, 50% used [0x00000000c0000000,0x00000000c150bcc8,0x00000000c2980000)
 Metaspace       used 6353K, capacity 7192K, committed 7424K, reserved 1056768K
  class space    used 616K, capacity 656K, committed 768K, reserved 1048576K
Event: 10.375 GC heap after
Heap after GC invocations=8 (full 0):
 PSYoungGen      total 70656K, used 7679K [0x00000000eab00000, 0x00000000ef900000, 0x0000000100000000)
  eden space 62976K, 0% used [0x00000000eab00000,0x00000000eab00000,0x00000000ee880000)
  from space 7680K, 99% used [0x00000000ef080000,0x00000000ef7ffdc0,0x00000000ef800000)
  to   space 8192K, 0% used [0x00000000ee880000,0x00000000ee880000,0x00000000ef080000)
 ParOldGen       total 42496K, used 31625K [0x00000000c0000000, 0x00000000c2980000, 0x00000000eab00000)
  object space 42496K, 74% used [0x00000000c0000000,0x00000000c1ee2740,0x00000000c2980000)
 Metaspace       used 6353K, capacity 7192K, committed 7424K, reserved 1056768K
  class space    used 616K, capacity 656K, committed 768K, reserved 1048576K
}

Deoptimization events (10 events):
Event: 4.078 Thread 0x0000000016bbe000 Uncommon trap: reason=bimorphic action=maybe_recompile pc=0x0000000003266aa4 method=java.util.HashMap.getNode(ILjava/lang/Object;)Ljava/util/HashMap$Node; @ 126
Event: 4.078 Thread 0x0000000016bbe000 Uncommon trap: reason=bimorphic action=maybe_recompile pc=0x0000000003266aa4 method=java.util.HashMap.getNode(ILjava/lang/Object;)Ljava/util/HashMap$Node; @ 126
Event: 4.078 Thread 0x0000000016bbe000 Uncommon trap: reason=bimorphic action=maybe_recompile pc=0x0000000003266aa4 method=java.util.HashMap.getNode(ILjava/lang/Object;)Ljava/util/HashMap$Node; @ 126
Event: 4.345 Thread 0x0000000016bbe000 Uncommon trap: reason=unstable_if action=reinterpret pc=0x0000000003643e38 method=com.android.dx.rop.code.RegisterSpecSet.localItemToSpec(Lcom/android/dx/rop/code/LocalItem;)Lcom/android/dx/rop/code/RegisterSpec; @ 35
Event: 5.148 Thread 0x0000000016bbd800 Uncommon trap: reason=unstable_if action=reinterpret pc=0x000000000334f1ec method=java.util.HashMap.putVal(ILjava/lang/Object;Ljava/lang/Object;ZZ)Ljava/lang/Object; @ 162
Event: 6.036 Thread 0x0000000016bb1000 Uncommon trap: reason=bimorphic action=maybe_recompile pc=0x000000000368ac24 method=com.android.dx.cf.code.BytecodeArray.parseInstruction(ILcom/android/dx/cf/code/BytecodeArray$Visitor;)I @ 2484
Event: 6.037 Thread 0x0000000016bb1000 Uncommon trap: reason=bimorphic action=maybe_recompile pc=0x000000000368ac24 method=com.android.dx.cf.code.BytecodeArray.parseInstruction(ILcom/android/dx/cf/code/BytecodeArray$Visitor;)I @ 2484
Event: 7.979 Thread 0x0000000002ed2800 Uncommon trap: reason=bimorphic action=maybe_recompile pc=0x00000000036d639c method=com.android.dx.cf.code.BytecodeArray.parseInstruction(ILcom/android/dx/cf/code/BytecodeArray$Visitor;)I @ 2281
Event: 7.979 Thread 0x0000000002ed2800 Uncommon trap: reason=bimorphic action=maybe_recompile pc=0x00000000036d639c method=com.android.dx.cf.code.BytecodeArray.parseInstruction(ILcom/android/dx/cf/code/BytecodeArray$Visitor;)I @ 2281
Event: 15.020 Thread 0x0000000016bb1000 Uncommon trap: reason=unstable_if action=reinterpret pc=0x00000000037b34ec method=com.android.dx.ssa.InterferenceRegisterMapper.interferes(III)Z @ 69

Internal exceptions (7 events):
Event: 0.069 Thread 0x0000000002ed2800 Exception <a 'java/lang/NoSuchMethodError': Method sun.misc.Unsafe.defineClass(Ljava/lang/String;[BII)Ljava/lang/Class; name or signature does not match> (0x00000000eab07cc0) thrown at [C:\re\workspace\8-2-build-windows-amd64-cygwin\jdk8u74\6087\hotspot\sr	[ºm¢±?
Event: 0.069 Thread 0x0000000002ed2800 Exception <a 'java/lang/NoSuchMethodError': Method sun.misc.Unsafe.prefetchRead(Ljava/lang/Object;J)V name or signature does not match> (0x00000000eab07fa8) thrown at [C:\re\workspace\8-2-build-windows-amd64-cygwin\jdk8u74\6087\hotspot\src\share\vm\prims\jé	Ðš†ï?
Event: 0.985 Thread 0x0000000016bb1000 Implicit null exception at 0x000000000335b8a2 to 0x000000000335b992
Event: 1.213 Thread 0x0000000016bb1000 Implicit null exception at 0x00000000033c0561 to 0x00000000033c0e05
Event: 5.150 Thread 0x0000000016bbd800 Exception <a 'java/lang/ArrayIndexOutOfBoundsException': 18> (0x00000000ee07a610) thrown at [C:\re\workspace\8-2-build-windows-amd64-cygwin\jdk8u74\6087\hotspot\src\share\vm\interpreter\interpreterRuntime.cpp, line 366]
Event: 5.151 Thread 0x0000000016bbd800 Exception <a 'java/lang/ArrayIndexOutOfBoundsException'> (0x00000000ee07c190) thrown at [C:\re\workspace\8-2-build-windows-amd64-cygwin\jdk8u74\6087\hotspot\src\share\vm\runtime\sharedRuntime.cpp, line 605]
Event: 5.152 Thread 0x0000000016bbd800 Exception <a 'java/lang/ArrayIndexOutOfBoundsException'> (0x00000000ee07d478) thrown at [C:\re\workspace\8-2-build-windows-amd64-cygwin\jdk8u74\6087\hotspot\src\share\vm\runtime\sharedRuntime.cpp, line 605]

Events (10 events):
Event: 13.470 loading class com/android/dx/rop/code/RegisterSpec$1 done
Event: 15.019 Thread 0x0000000016bb1000 Uncommon trap: trap_request=0xffffff65 fr.pc=0x00000000037b34ec
Event: 15.020 Thread 0x0000000016bb1000 DEOPT PACKING pc=0x00000000037b34ec sp=0x000000001707e7c0
Event: 15.020 Thread 0x0000000016bb1000 DEOPT UNPACKING pc=0x000000000301582a sp=0x000000001707e750 mode 2
Event: 15.045 Thread 0x0000000016bb1000 DEOPT PACKING pc=0x00000000031ebe82 sp=0x000000001707eba0
Event: 15.045 Thread 0x0000000016bb1000 DEOPT UNPACKING pc=0x000000000301747f sp=0x000000001707e8b8 mode 0
Event: 15.695 Thread 0x0000000016bb1000 DEOPT PACKING pc=0x000000000334a35d sp=0x000000001707e850
Event: 15.695 Thread 0x0000000016bb1000 DEOPT UNPACKING pc=0x000000000301747f sp=0x000000001707e570 mode 0
Event: 15.828 Thread 0x0000000016bb1000 DEOPT PACKING pc=0x00000000033f0c81 sp=0x000000001707e7d0
Event: 15.828 Thread 0x0000000016bb1000 DEOPT UNPACKING pc=0x000000000301747f sp=0x000000001707e560 mode 0


Dynamic libraries:
0x000007f7c5f30000 - 0x000007f7c5f67000 	C:\Program Files\Java\jdk1.8.0_74\bin\java.exe
0x000007fabf490000 - 0x000007fabf64d000 	C:\WINDOWS\SYSTEM32\ntdll.dll
0x000007fabee60000 - 0x000007fabef96000 	C:\WINDOWS\system32\KERNEL32.DLL
0x000007fabc5d0000 - 0x000007fabc6c4000 	C:\WINDOWS\system32\KERNELBASE.dll
0x000007fabcb60000 - 0x000007fabcc3e000 	C:\WINDOWS\system32\ADVAPI32.dll
0x000007fabc9b0000 - 0x000007fabcafc000 	C:\WINDOWS\system32\USER32.dll
0x000007fab9f10000 - 0x000007faba17a000 	C:\WINDOWS\WinSxS\amd64_microsoft.windows.common-controls_6595b64144ccf1df_6.0.9200.17359_none_4188b989718cf1c6\COMCTL32.dll
0x000007fabd2b0000 - 0x000007fabd355000 	C:\WINDOWS\system32\msvcrt.dll
0x000007fabec10000 - 0x000007fabec58000 	C:\WINDOWS\SYSTEM32\sechost.dll
0x000007fabc860000 - 0x000007fabc9a5000 	C:\WINDOWS\system32\RPCRT4.dll
0x000007fabeff0000 - 0x000007fabf131000 	C:\WINDOWS\system32\GDI32.dll
0x000007fabd750000 - 0x000007fabd789000 	C:\WINDOWS\system32\IMM32.DLL
0x000007fabea80000 - 0x000007fabeb95000 	C:\WINDOWS\system32\MSCTF.dll
0x000000006a010000 - 0x000000006a0e2000 	C:\Program Files\Java\jdk1.8.0_74\jre\bin\msvcr100.dll
0x000000006a540000 - 0x000000006add0000 	C:\Program Files\Java\jdk1.8.0_74\jre\bin\server\jvm.dll
0x000007fab5870000 - 0x000007fab5879000 	C:\WINDOWS\SYSTEM32\WSOCK32.dll
0x000007fab5920000 - 0x000007fab5940000 	C:\WINDOWS\SYSTEM32\WINMM.dll
0x000007fab60d0000 - 0x000007fab60d9000 	C:\WINDOWS\SYSTEM32\VERSION.dll
0x000007fabefb0000 - 0x000007fabefb7000 	C:\WINDOWS\system32\PSAPI.DLL
0x000007fabcb00000 - 0x000007fabcb58000 	C:\WINDOWS\system32\WS2_32.dll
0x000007fab58e0000 - 0x000007fab5912000 	C:\WINDOWS\SYSTEM32\WINMMBASE.dll
0x000007fabd2a0000 - 0x000007fabd2a9000 	C:\WINDOWS\system32\NSI.dll
0x000000006a530000 - 0x000000006a53f000 	C:\Program Files\Java\jdk1.8.0_74\jre\bin\verify.dll
0x000000006a500000 - 0x000000006a529000 	C:\Program Files\Java\jdk1.8.0_74\jre\bin\java.dll
0x000000006a4e0000 - 0x000000006a4f6000 	C:\Program Files\Java\jdk1.8.0_74\jre\bin\zip.dll
0x000007fabd790000 - 0x000007fabea75000 	C:\WINDOWS\system32\SHELL32.dll
0x000007fabecb0000 - 0x000007fabee60000 	C:\WINDOWS\SYSTEM32\combase.dll
0x000007fabec60000 - 0x000007fabecb0000 	C:\WINDOWS\system32\SHLWAPI.dll
0x000007faba370000 - 0x000007faba406000 	C:\WINDOWS\SYSTEM32\SHCORE.dll
0x000007fabc3b0000 - 0x000007fabc3c5000 	C:\WINDOWS\system32\profapi.dll

VM Arguments:
jvm_args: -Djava.awt.headless=true -Xmx1024M -Dfile.encoding=windows-1252 -Duser.country=ZA -Duser.language=en -Duser.variant 
java_command: com.android.dx.command.Main --dex --force-jumbo --num-threads=4 --multi-dex --output C:\Users\ObesT\team06\NewFiles(27-07-2016)\IntelliFleetMobile\app\build\intermediates\transforms\dex\debug\folders\1000\10\com.android.support-support-v4-23.4.0_2bdaa79fee08338bbc6fe7e090c0c646693fa361 C:\Users\ObesT\team06\NewFiles(27-07-2016)\IntelliFleetMobile\app\build\intermediates\exploded-aar\com.android.support\support-v4\23.4.0\jars\classes.jar
java_class_path (initial): C:\Users\ObesT\AppData\Local\Android\sdk\build-tools\build-tools-23.0.1\lib\dx.jar
Launcher Type: SUN_STANDARD

Environment Variables:
JAVA_HOME=C:\Program Files\Java\jdk1.8.0_74
PATH=C:\ProgramData\Oracle\Java\javapath;C:\Program Files\Broadcom\Broadcom 802.11 Network Adapter\Driver;C:\Program Files (x86)\Intel\iCLS Client\;C:\Program Files\Intel\iCLS Client\;C:\WINDOWS\system32;C:\WINDOWS;C:\WINDOWS\System32\Wbem;C:\WINDOWS\System32\WindowsPowerShell\v1.0\;C:\Program Files\Intel\Intel(R) Management Engine Components\DAL;C:\Program Files\Intel\Intel(R) Management Engine Components\IPT;C:\Program Files (x86)\Intel\Intel(R) Management Engine Components\DAL;C:\Program Files (x86)\Intel\Intel(R) Management Engine Components\IPT;C:\Program Files (x86)\Intel\OpenCL SDK\2.0\bin\x86;C:\Program Files (x86)\Intel\OpenCL SDK\2.0\bin\x64;C:\Program Files\Microsoft\Web Platform Installer\;C:\Program Files (x86)\Microsoft ASP.NET\ASP.NET Web Pages\v1.0\;C:\Program Files\Microsoft SQL Server\110\Tools\Binn\;C:\Program Files\Git\cmd;C:\Program Files (x86)\Common Files\lenovo\easyplussdk\bin;C:\Program Files (x86)\Windows Kits\8.1\Windows Performance Toolkit\;C:\Program Files\Microsoft SQL Server\130\Tools\Binn\;C:\Program Files\Microsoft SQL Server\Client SDK\ODBC\110\Tools\Binn\;C:\Program Files (x86)\Microsoft SQL Server\130\Tools\Binn\;C:\Program Files\Microsoft SQL Server\130\DTS\Binn\;C:\Program Files (x86)\Microsoft SQL Server\130\Tools\Binn\ManagementStudio\;C:\Program Files (x86)\Microsoft SQL Server\130\DTS\Binn\
USERNAME=ObesT
OS=Windows_NT
PROCESSOR_IDENTIFIER=Intel64 Family 6 Model 42 Stepping 7, GenuineIntel



---------------  S Y S T E M  ---------------

OS: Windows 8 , 64 bit Build 9200 (6.2.9200.16815)

CPU:total 2 (2 cores per cpu, 1 threads per core) family 6 model 42 stepping 7, cmov, cx8, fxsr, mmx, sse, sse2, sse3, ssse3, sse4.1, sse4.2, popcnt, clmul, tsc, tscinvbit

Memory: 4k page, physical 4036004k(222636k free), swap 8230308k(6668k free)

vm_info: Java HotSpot(TM) 64-Bit Server VM (25.74-b02) for windows-amd64 JRE (1.8.0_74-b02), built on Jan 29 2016 17:42:36 by "java_re" with MS VC++ 10.0 (VS2010)

time: Sun Sep 11 18:03:50 2016
elapsed time: 15 seconds (0d 0h 0m 15s)

