#
# There is insufficient memory for the Java Runtime Environment to continue.
# Native memory allocation (malloc) failed to allocate 262160 bytes for Chunk::new
# Possible reasons:
#   The system is out of physical RAM or swap space
#   In 32 bit mode, the process size limit was hit
# Possible solutions:
#   Reduce memory load on the system
#   Increase physical memory or swap space
#   Check if swap backing store is full
#   Use 64 bit Java on a 64 bit OS
#   Decrease Java heap size (-Xmx/-Xms)
#   Decrease number of Java threads
#   Decrease Java thread stack sizes (-Xss)
#   Set larger code cache with -XX:ReservedCodeCacheSize=
# This output file may be truncated or incomplete.
#
#  Out of Memory Error (allocation.cpp:390), pid=1212, tid=4436
#
# JRE version: Java(TM) SE Runtime Environment (8.0_74-b02) (build 1.8.0_74-b02)
# Java VM: Java HotSpot(TM) 64-Bit Server VM (25.74-b02 mixed mode windows-amd64 compressed oops)
# Failed to write core dump. Minidumps are not enabled by default on client versions of Windows
#

---------------  T H R E A D  ---------------

Current thread (0x0000000014714800):  JavaThread "C2 CompilerThread0" daemon [_thread_in_native, id=4436, stack(0x0000000015860000,0x0000000015960000)]

Stack: [0x0000000015860000,0x0000000015960000]
[error occurred during error reporting (printing stack bounds), id 0xc0000005]

Native frames: (J=compiled Java code, j=interpreted, Vv=VM code, C=native code)


Current CompileTask:
C2:  14647 1618   !   4       com.android.dx.cf.code.Ropper::processBlock (1101 bytes)


---------------  P R O C E S S  ---------------

Java Threads: ( => current thread )
  0x0000000015e83800 JavaThread "pool-1-thread-1" [_thread_in_native, id=8256, stack(0x0000000016060000,0x0000000016160000)]
  0x000000001478a000 JavaThread "Service Thread" daemon [_thread_blocked, id=5740, stack(0x0000000015a60000,0x0000000015b60000)]
  0x000000001471c000 JavaThread "C1 CompilerThread1" daemon [_thread_blocked, id=8672, stack(0x0000000015960000,0x0000000015a60000)]
=>0x0000000014714800 JavaThread "C2 CompilerThread0" daemon [_thread_in_native, id=4436, stack(0x0000000015860000,0x0000000015960000)]
  0x0000000014713000 JavaThread "Attach Listener" daemon [_thread_blocked, id=4172, stack(0x0000000015760000,0x0000000015860000)]
  0x0000000014722000 JavaThread "Signal Dispatcher" daemon [_thread_blocked, id=836, stack(0x0000000015660000,0x0000000015760000)]
  0x0000000002282800 JavaThread "Finalizer" daemon [_thread_blocked, id=948, stack(0x0000000015370000,0x0000000015470000)]
  0x000000000227d000 JavaThread "Reference Handler" daemon [_thread_blocked, id=5292, stack(0x0000000015270000,0x0000000015370000)]
  0x0000000002192800 JavaThread "main" [_thread_blocked, id=3292, stack(0x0000000001ce0000,0x0000000001de0000)]

Other Threads:
  0x00000000146e6000 VMThread [stack: 0x0000000015170000,0x0000000015270000] [id=6676]
  0x0000000014766000 WatcherThread [stack: 0x0000000015b60000,0x0000000015c60000] [id=7300]

VM state:not at safepoint (normal execution)

VM Mutex/Monitor currently owned by a thread: None

Heap:
 PSYoungGen      total 28672K, used 15282K [0x00000000eab00000, 0x00000000ef900000, 0x0000000100000000)
  eden space 26112K, 48% used [0x00000000eab00000,0x00000000eb76dd10,0x00000000ec480000)
  from space 2560K, 99% used [0x00000000ecc80000,0x00000000ecefebb0,0x00000000ecf00000)
  to   space 8192K, 0% used [0x00000000ec480000,0x00000000ec480000,0x00000000ecc80000)
 ParOldGen       total 42496K, used 19156K [0x00000000c0000000, 0x00000000c2980000, 0x00000000eab00000)
  object space 42496K, 45% used [0x00000000c0000000,0x00000000c12b53c8,0x00000000c2980000)
 Metaspace       used 6691K, capacity 7512K, committed 7680K, reserved 1056768K
  class space    used 625K, capacity 656K, committed 768K, reserved 1048576K

Card table byte_map: [0x0000000011650000,0x0000000011860000] byte_map_base: 0x0000000011050000

Marking Bits: (ParMarkBitMap*) 0x000000006ad50600
 Begin Bits: [0x0000000011bc0000, 0x0000000012bc0000)
 End Bits:   [0x0000000012bc0000, 0x0000000013bc0000)

Polling page: 0x00000000002e0000

CodeCache: size=245760Kb used=8061Kb max_used=8061Kb free=237698Kb
 bounds [0x0000000002290000, 0x0000000002a80000, 0x0000000011290000]
 total_blobs=2331 nmethods=2063 adapters=181
 compilation: enabled

Compilation events (10 events):
Event: 14.291 Thread 0x000000001471c000 2091       2       com.android.dx.util.ByteArrayAnnotatedOutput::write (9 bytes)
Event: 14.291 Thread 0x000000001471c000 nmethod 2091 0x0000000002a71090 code [0x0000000002a71200, 0x0000000002a71388]
Event: 14.291 Thread 0x000000001471c000 2092       2       com.android.dx.util.ByteArrayAnnotatedOutput::write (129 bytes)
Event: 14.292 Thread 0x000000001471c000 nmethod 2092 0x0000000002a71450 code [0x0000000002a71660, 0x0000000002a71d28]
Event: 14.292 Thread 0x000000001471c000 2093       1       com.android.dx.rop.annotation.Annotation::getVisibility (5 bytes)
Event: 14.292 Thread 0x000000001471c000 nmethod 2093 0x0000000002a72250 code [0x0000000002a723a0, 0x0000000002a724b0]
Event: 14.292 Thread 0x000000001471c000 2094       2       com.android.dx.dex.file.AnnotationItem::writeTo0 (191 bytes)
Event: 14.294 Thread 0x000000001471c000 nmethod 2094 0x0000000002a72510 code [0x0000000002a727e0, 0x0000000002a73478]
Event: 14.294 Thread 0x000000001471c000 2095       2       com.android.dx.dex.file.ClassDataItem::writeTo0 (31 bytes)
Event: 14.294 Thread 0x000000001471c000 nmethod 2095 0x0000000002a74110 code [0x0000000002a74280, 0x0000000002a744b8]

GC Heap History (10 events):
Event: 3.128 GC heap before
{Heap before GC invocations=2 (full 0):
 PSYoungGen      total 18432K, used 18410K [0x00000000eab00000, 0x00000000ebf80000, 0x0000000100000000)
  eden space 15872K, 100% used [0x00000000eab00000,0x00000000eba80000,0x00000000eba80000)
  from space 2560K, 99% used [0x00000000eba80000,0x00000000ebcfaaa8,0x00000000ebd00000)
  to   space 2560K, 0% used [0x00000000ebd00000,0x00000000ebd00000,0x00000000ebf80000)
 ParOldGen       total 42496K, used 1663K [0x00000000c0000000, 0x00000000c2980000, 0x00000000eab00000)
  object space 42496K, 3% used [0x00000000c0000000,0x00000000c019ff80,0x00000000c2980000)
 Metaspace       used 5957K, capacity 6960K, committed 7040K, reserved 1056768K
  class space    used 588K, capacity 616K, committed 640K, reserved 1048576K
Event: 3.528 GC heap after
Heap after GC invocations=2 (full 0):
 PSYoungGen      total 18432K, used 2544K [0x00000000eab00000, 0x00000000ecf00000, 0x0000000100000000)
  eden space 15872K, 0% used [0x00000000eab00000,0x00000000eab00000,0x00000000eba80000)
  from space 2560K, 99% used [0x00000000ebd00000,0x00000000ebf7c028,0x00000000ebf80000)
  to   space 2560K, 0% used [0x00000000eba80000,0x00000000eba80000,0x00000000ebd00000)
 ParOldGen       total 42496K, used 4072K [0x00000000c0000000, 0x00000000c2980000, 0x00000000eab00000)
  object space 42496K, 9% used [0x00000000c0000000,0x00000000c03fa2f8,0x00000000c2980000)
 Metaspace       used 5957K, capacity 6960K, committed 7040K, reserved 1056768K
  class space    used 588K, capacity 616K, committed 640K, reserved 1048576K
}
Event: 4.262 GC heap before
{Heap before GC invocations=3 (full 0):
 PSYoungGen      total 18432K, used 18416K [0x00000000eab00000, 0x00000000ecf00000, 0x0000000100000000)
  eden space 15872K, 100% used [0x00000000eab00000,0x00000000eba80000,0x00000000eba80000)
  from space 2560K, 99% used [0x00000000ebd00000,0x00000000ebf7c028,0x00000000ebf80000)
  to   space 2560K, 0% used [0x00000000eba80000,0x00000000eba80000,0x00000000ebd00000)
 ParOldGen       total 42496K, used 4072K [0x00000000c0000000, 0x00000000c2980000, 0x00000000eab00000)
  object space 42496K, 9% used [0x00000000c0000000,0x00000000c03fa2f8,0x00000000c2980000)
 Metaspace       used 6071K, capacity 7024K, committed 7296K, reserved 1056768K
  class space    used 588K, capacity 616K, committed 640K, reserved 1048576K
Event: 4.632 GC heap after
Heap after GC invocations=3 (full 0):
 PSYoungGen      total 18432K, used 2528K [0x00000000eab00000, 0x00000000ecf00000, 0x0000000100000000)
  eden space 15872K, 0% used [0x00000000eab00000,0x00000000eab00000,0x00000000eba80000)
  from space 2560K, 98% used [0x00000000eba80000,0x00000000ebcf8038,0x00000000ebd00000)
  to   space 2560K, 0% used [0x00000000ecc80000,0x00000000ecc80000,0x00000000ecf00000)
 ParOldGen       total 42496K, used 6606K [0x00000000c0000000, 0x00000000c2980000, 0x00000000eab00000)
  object space 42496K, 15% used [0x00000000c0000000,0x00000000c06738a0,0x00000000c2980000)
 Metaspace       used 6071K, capacity 7024K, committed 7296K, reserved 1056768K
  class space    used 588K, capacity 616K, committed 640K, reserved 1048576K
}
Event: 6.078 GC heap before
{Heap before GC invocations=4 (full 0):
 PSYoungGen      total 18432K, used 18400K [0x00000000eab00000, 0x00000000ecf00000, 0x0000000100000000)
  eden space 15872K, 100% used [0x00000000eab00000,0x00000000eba80000,0x00000000eba80000)
  from space 2560K, 98% used [0x00000000eba80000,0x00000000ebcf8038,0x00000000ebd00000)
  to   space 2560K, 0% used [0x00000000ecc80000,0x00000000ecc80000,0x00000000ecf00000)
 ParOldGen       total 42496K, used 6606K [0x00000000c0000000, 0x00000000c2980000, 0x00000000eab00000)
  object space 42496K, 15% used [0x00000000c0000000,0x00000000c06738a0,0x00000000c2980000)
 Metaspace       used 6105K, capacity 7024K, committed 7296K, reserved 1056768K
  class space    used 588K, capacity 616K, committed 640K, reserved 1048576K
Event: 7.133 GC heap after
Heap after GC invocations=4 (full 0):
 PSYoungGen      total 34304K, used 2528K [0x00000000eab00000, 0x00000000ecf00000, 0x0000000100000000)
  eden space 31744K, 0% used [0x00000000eab00000,0x00000000eab00000,0x00000000eca00000)
  from space 2560K, 98% used [0x00000000ecc80000,0x00000000ecef8018,0x00000000ecf00000)
  to   space 2560K, 0% used [0x00000000eca00000,0x00000000eca00000,0x00000000ecc80000)
 ParOldGen       total 42496K, used 9283K [0x00000000c0000000, 0x00000000c2980000, 0x00000000eab00000)
  object space 42496K, 21% used [0x00000000c0000000,0x00000000c0910c60,0x00000000c2980000)
 Metaspace       used 6105K, capacity 7024K, committed 7296K, reserved 1056768K
  class space    used 588K, capacity 616K, committed 640K, reserved 1048576K
}
Event: 9.860 GC heap before
{Heap before GC invocations=5 (full 0):
 PSYoungGen      total 34304K, used 34272K [0x00000000eab00000, 0x00000000ecf00000, 0x0000000100000000)
  eden space 31744K, 100% used [0x00000000eab00000,0x00000000eca00000,0x00000000eca00000)
  from space 2560K, 98% used [0x00000000ecc80000,0x00000000ecef8018,0x00000000ecf00000)
  to   space 2560K, 0% used [0x00000000eca00000,0x00000000eca00000,0x00000000ecc80000)
 ParOldGen       total 42496K, used 9283K [0x00000000c0000000, 0x00000000c2980000, 0x00000000eab00000)
  object space 42496K, 21% used [0x00000000c0000000,0x00000000c0910c60,0x00000000c2980000)
 Metaspace       used 6131K, capacity 7088K, committed 7296K, reserved 1056768K
  class space    used 589K, capacity 616K, committed 640K, reserved 1048576K
Event: 10.224 GC heap after
Heap after GC invocations=5 (full 0):
 PSYoungGen      total 34304K, used 2528K [0x00000000eab00000, 0x00000000ecf00000, 0x0000000100000000)
  eden space 31744K, 0% used [0x00000000eab00000,0x00000000eab00000,0x00000000eca00000)
  from space 2560K, 98% used [0x00000000eca00000,0x00000000ecc78018,0x00000000ecc80000)
  to   space 2560K, 0% used [0x00000000ecc80000,0x00000000ecc80000,0x00000000ecf00000)
 ParOldGen       total 42496K, used 14169K [0x00000000c0000000, 0x00000000c2980000, 0x00000000eab00000)
  object space 42496K, 33% used [0x00000000c0000000,0x00000000c0dd67c0,0x00000000c2980000)
 Metaspace       used 6131K, capacity 7088K, committed 7296K, reserved 1056768K
  class space    used 589K, capacity 616K, committed 640K, reserved 1048576K
}
Event: 11.090 GC heap before
{Heap before GC invocations=6 (full 0):
 PSYoungGen      total 34304K, used 34272K [0x00000000eab00000, 0x00000000ecf00000, 0x0000000100000000)
  eden space 31744K, 100% used [0x00000000eab00000,0x00000000eca00000,0x00000000eca00000)
  from space 2560K, 98% used [0x00000000eca00000,0x00000000ecc78018,0x00000000ecc80000)
  to   space 2560K, 0% used [0x00000000ecc80000,0x00000000ecc80000,0x00000000ecf00000)
 ParOldGen       total 42496K, used 14169K [0x00000000c0000000, 0x00000000c2980000, 0x00000000eab00000)
  object space 42496K, 33% used [0x00000000c0000000,0x00000000c0dd67c0,0x00000000c2980000)
 Metaspace       used 6206K, capacity 7088K, committed 7296K, reserved 1056768K
  class space    used 592K, capacity 616K, committed 640K, reserved 1048576K
Event: 11.143 GC heap after
Heap after GC invocations=6 (full 0):
 PSYoungGen      total 28672K, used 2554K [0x00000000eab00000, 0x00000000ef900000, 0x0000000100000000)
  eden space 26112K, 0% used [0x00000000eab00000,0x00000000eab00000,0x00000000ec480000)
  from space 2560K, 99% used [0x00000000ecc80000,0x00000000ecefebb0,0x00000000ecf00000)
  to   space 8192K, 0% used [0x00000000ec480000,0x00000000ec480000,0x00000000ecc80000)
 ParOldGen       total 42496K, used 19156K [0x00000000c0000000, 0x00000000c2980000, 0x00000000eab00000)
  object space 42496K, 45% used [0x00000000c0000000,0x00000000c12b53c8,0x00000000c2980000)
 Metaspace       used 6206K, capacity 7088K, committed 7296K, reserved 1056768K
  class space    used 592K, capacity 616K, committed 640K, reserved 1048576K
}

Deoptimization events (10 events):
Event: 11.751 Thread 0x0000000015e83800 Uncommon trap: reason=class_check action=maybe_recompile pc=0x0000000002774188 method=java.util.Arrays.hashCode([Ljava/lang/Object;)I @ 43
Event: 11.751 Thread 0x0000000015e83800 Uncommon trap: reason=class_check action=maybe_recompile pc=0x000000000277c3a8 method=java.util.Arrays.hashCode([Ljava/lang/Object;)I @ 43
Event: 11.772 Thread 0x0000000015e83800 Uncommon trap: reason=bimorphic action=maybe_recompile pc=0x000000000289c85c method=java.util.HashMap.putVal(ILjava/lang/Object;Ljava/lang/Object;ZZ)Ljava/lang/Object; @ 203
Event: 11.773 Thread 0x0000000015e83800 Uncommon trap: reason=bimorphic action=maybe_recompile pc=0x000000000289c85c method=java.util.HashMap.putVal(ILjava/lang/Object;Ljava/lang/Object;ZZ)Ljava/lang/Object; @ 203
Event: 11.773 Thread 0x0000000015e83800 Uncommon trap: reason=bimorphic action=maybe_recompile pc=0x000000000289c85c method=java.util.HashMap.putVal(ILjava/lang/Object;Ljava/lang/Object;ZZ)Ljava/lang/Object; @ 203
Event: 11.775 Thread 0x0000000015e83800 Uncommon trap: reason=bimorphic action=maybe_recompile pc=0x000000000289c85c method=java.util.HashMap.putVal(ILjava/lang/Object;Ljava/lang/Object;ZZ)Ljava/lang/Object; @ 203
Event: 12.481 Thread 0x0000000015e83800 Uncommon trap: reason=speculate_class_check action=maybe_recompile pc=0x0000000002654540 method=com.android.dx.util.FixedSizeList.equals(Ljava/lang/Object;)Z @ 25
Event: 12.481 Thread 0x0000000015e83800 Uncommon trap: reason=speculate_class_check action=maybe_recompile pc=0x0000000002654540 method=com.android.dx.util.FixedSizeList.equals(Ljava/lang/Object;)Z @ 25
Event: 12.481 Thread 0x0000000015e83800 Uncommon trap: reason=speculate_class_check action=maybe_recompile pc=0x0000000002654540 method=com.android.dx.util.FixedSizeList.equals(Ljava/lang/Object;)Z @ 25
Event: 12.481 Thread 0x0000000015e83800 Uncommon trap: reason=speculate_class_check action=maybe_recompile pc=0x0000000002654540 method=com.android.dx.util.FixedSizeList.equals(Ljava/lang/Object;)Z @ 25

Internal exceptions (4 events):
Event: 0.316 Thread 0x0000000002192800 Exception <a 'java/lang/NoSuchMethodError': Method sun.misc.Unsafe.defineClass(Ljava/lang/String;[BII)Ljava/lang/Class; name or signature does not match> (0x00000000eab07cc0) thrown at [C:\re\workspace\8-2-build-windows-amd64-cygwin\jdk8u74\6087\hotspot\srUÈèGlB‘?
Event: 0.317 Thread 0x0000000002192800 Exception <a 'java/lang/NoSuchMethodError': Method sun.misc.Unsafe.prefetchRead(Ljava/lang/Object;J)V name or signature does not match> (0x00000000eab07fa8) thrown at [C:\re\workspace\8-2-build-windows-amd64-cygwin\jdk8u74\6087\hotspot\src\share\vm\prims\j±AyG˜%@
Event: 10.983 Thread 0x0000000015e89800 Implicit null exception at 0x00000000025db2e2 to 0x00000000025db3d2
Event: 11.856 Thread 0x0000000015e83800 Exception <a 'java/lang/ArrayIndexOutOfBoundsException': 18> (0x00000000eb23c3e0) thrown at [C:\re\workspace\8-2-build-windows-amd64-cygwin\jdk8u74\6087\hotspot\src\share\vm\interpreter\interpreterRuntime.cpp, line 366]

Events (10 events):
Event: 14.293 loading class java/security/MessageDigest
Event: 14.294 loading class java/security/MessageDigestSpi
Event: 14.294 loading class java/security/MessageDigestSpi done
Event: 14.294 loading class java/security/MessageDigest done
Event: 14.294 loading class java/security/Security
Event: 14.295 loading class java/security/Security done
Event: 14.295 loading class java/security/Security$1
Event: 14.295 loading class java/security/Security$1 done
Event: 14.601 loading class java/util/Properties$LineReader
Event: 14.601 loading class java/util/Properties$LineReader done


Dynamic libraries:
0x000007f7c5f30000 - 0x000007f7c5f67000 	C:\Program Files\Java\jdk1.8.0_74\bin\java.exe
0x000007fabf490000 - 0x000007fabf64d000 	C:\WINDOWS\SYSTEM32\ntdll.dll
0x000007fabee60000 - 0x000007fabef96000 	C:\WINDOWS\system32\KERNEL32.DLL
0x000007fabc5d0000 - 0x000007fabc6c4000 	C:\WINDOWS\system32\KERNELBASE.dll
0x000007fabcb60000 - 0x000007fabcc3e000 	C:\WINDOWS\system32\ADVAPI32.dll
0x000007fabc9b0000 - 0x000007fabcafc000 	C:\WINDOWS\system32\USER32.dll
0x000007fab9f10000 - 0x000007faba17a000 	C:\WINDOWS\WinSxS\amd64_microsoft.windows.common-controls_6595b64144ccf1df_6.0.9200.17359_none_4188b989718cf1c6\COMCTL32.dll
0x000007fabd2b0000 - 0x000007fabd355000 	C:\WINDOWS\system32\msvcrt.dll
0x000007fabec10000 - 0x000007fabec58000 	C:\WINDOWS\SYSTEM32\sechost.dll
0x000007fabc860000 - 0x000007fabc9a5000 	C:\WINDOWS\system32\RPCRT4.dll
0x000007fabeff0000 - 0x000007fabf131000 	C:\WINDOWS\system32\GDI32.dll
0x000007fabd750000 - 0x000007fabd789000 	C:\WINDOWS\system32\IMM32.DLL
0x000007fabea80000 - 0x000007fabeb95000 	C:\WINDOWS\system32\MSCTF.dll
0x000000006a010000 - 0x000000006a0e2000 	C:\Program Files\Java\jdk1.8.0_74\jre\bin\msvcr100.dll
0x000000006a540000 - 0x000000006add0000 	C:\Program Files\Java\jdk1.8.0_74\jre\bin\server\jvm.dll
0x000007fab5870000 - 0x000007fab5879000 	C:\WINDOWS\SYSTEM32\WSOCK32.dll
0x000007fab5920000 - 0x000007fab5940000 	C:\WINDOWS\SYSTEM32\WINMM.dll
0x000007fab60d0000 - 0x000007fab60d9000 	C:\WINDOWS\SYSTEM32\VERSION.dll
0x000007fabefb0000 - 0x000007fabefb7000 	C:\WINDOWS\system32\PSAPI.DLL
0x000007fabcb00000 - 0x000007fabcb58000 	C:\WINDOWS\system32\WS2_32.dll
0x000007fab58e0000 - 0x000007fab5912000 	C:\WINDOWS\SYSTEM32\WINMMBASE.dll
0x000007fabd2a0000 - 0x000007fabd2a9000 	C:\WINDOWS\system32\NSI.dll
0x000000006a530000 - 0x000000006a53f000 	C:\Program Files\Java\jdk1.8.0_74\jre\bin\verify.dll
0x000000006a500000 - 0x000000006a529000 	C:\Program Files\Java\jdk1.8.0_74\jre\bin\java.dll
0x000000006a4e0000 - 0x000000006a4f6000 	C:\Program Files\Java\jdk1.8.0_74\jre\bin\zip.dll
0x000007fabd790000 - 0x000007fabea75000 	C:\WINDOWS\system32\SHELL32.dll
0x000007fabecb0000 - 0x000007fabee60000 	C:\WINDOWS\SYSTEM32\combase.dll
0x000007fabec60000 - 0x000007fabecb0000 	C:\WINDOWS\system32\SHLWAPI.dll
0x000007faba370000 - 0x000007faba406000 	C:\WINDOWS\SYSTEM32\SHCORE.dll
0x000007fabc3b0000 - 0x000007fabc3c5000 	C:\WINDOWS\system32\profapi.dll

VM Arguments:
jvm_args: -Djava.awt.headless=true -Xmx1024M -Dfile.encoding=windows-1252 -Duser.country=ZA -Duser.language=en -Duser.variant 
java_command: com.android.dx.command.Main --dex --force-jumbo --num-threads=4 --multi-dex --output C:\Users\ObesT\team06\NewFiles(27-07-2016)\IntelliFleetMobile\app\build\intermediates\transforms\dex\debug\folders\1000\10\com.google.android.gms-play-services-wearable-9.4.0_1986b82cdcc509eba4ad9d82883ce7caa9f2a7ed C:\Users\ObesT\team06\NewFiles(27-07-2016)\IntelliFleetMobile\app\build\intermediates\exploded-aar\com.google.android.gms\play-services-wearable\9.4.0\jars\classes.jar
java_class_path (initial): C:\Users\ObesT\AppData\Local\Android\sdk\build-tools\build-tools-23.0.1\lib\dx.jar
Launcher Type: SUN_STANDARD

Environment Variables:
JAVA_HOME=C:\Program Files\Java\jdk1.8.0_74
PATH=C:\ProgramData\Oracle\Java\javapath;C:\Program Files\Broadcom\Broadcom 802.11 Network Adapter\Driver;C:\Program Files (x86)\Intel\iCLS Client\;C:\Program Files\Intel\iCLS Client\;C:\WINDOWS\system32;C:\WINDOWS;C:\WINDOWS\System32\Wbem;C:\WINDOWS\System32\WindowsPowerShell\v1.0\;C:\Program Files\Intel\Intel(R) Management Engine Components\DAL;C:\Program Files\Intel\Intel(R) Management Engine Components\IPT;C:\Program Files (x86)\Intel\Intel(R) Management Engine Components\DAL;C:\Program Files (x86)\Intel\Intel(R) Management Engine Components\IPT;C:\Program Files (x86)\Intel\OpenCL SDK\2.0\bin\x86;C:\Program Files (x86)\Intel\OpenCL SDK\2.0\bin\x64;C:\Program Files\Microsoft\Web Platform Installer\;C:\Program Files (x86)\Microsoft ASP.NET\ASP.NET Web Pages\v1.0\;C:\Program Files\Microsoft SQL Server\110\Tools\Binn\;C:\Program Files\Git\cmd;C:\Program Files (x86)\Common Files\lenovo\easyplussdk\bin;C:\Program Files (x86)\Windows Kits\8.1\Windows Performance Toolkit\;C:\Program Files\Microsoft SQL Server\130\Tools\Binn\;C:\Program Files\Microsoft SQL Server\Client SDK\ODBC\110\Tools\Binn\;C:\Program Files (x86)\Microsoft SQL Server\130\Tools\Binn\;C:\Program Files\Microsoft SQL Server\130\DTS\Binn\;C:\Program Files (x86)\Microsoft SQL Server\130\Tools\Binn\ManagementStudio\;C:\Program Files (x86)\Microsoft SQL Server\130\DTS\Binn\
USERNAME=ObesT
OS=Windows_NT
PROCESSOR_IDENTIFIER=Intel64 Family 6 Model 42 Stepping 7, GenuineIntel



---------------  S Y S T E M  ---------------

OS: Windows 8 , 64 bit Build 9200 (6.2.9200.16815)

CPU:total 2 (2 cores per cpu, 1 threads per core) family 6 model 42 stepping 7, cmov, cx8, fxsr, mmx, sse, sse2, sse3, ssse3, sse4.1, sse4.2, popcnt, clmul, tsc, tscinvbit

Memory: 4k page, physical 4036004k(216988k free), swap 8230308k(5264k free)

vm_info: Java HotSpot(TM) 64-Bit Server VM (25.74-b02) for windows-amd64 JRE (1.8.0_74-b02), built on Jan 29 2016 17:42:36 by "java_re" with MS VC++ 10.0 (VS2010)

time: Sun Sep 11 18:04:06 2016
elapsed time: 14 seconds (0d 0h 0m 14s)

