#
# There is insufficient memory for the Java Runtime Environment to continue.
# Native memory allocation (malloc) failed to allocate 1782096 bytes for Chunk::new
# Possible reasons:
#   The system is out of physical RAM or swap space
#   In 32 bit mode, the process size limit was hit
# Possible solutions:
#   Reduce memory load on the system
#   Increase physical memory or swap space
#   Check if swap backing store is full
#   Use 64 bit Java on a 64 bit OS
#   Decrease Java heap size (-Xmx/-Xms)
#   Decrease number of Java threads
#   Decrease Java thread stack sizes (-Xss)
#   Set larger code cache with -XX:ReservedCodeCacheSize=
# This output file may be truncated or incomplete.
#
#  Out of Memory Error (allocation.cpp:390), pid=11088, tid=8724
#
# JRE version: Java(TM) SE Runtime Environment (8.0_74-b02) (build 1.8.0_74-b02)
# Java VM: Java HotSpot(TM) 64-Bit Server VM (25.74-b02 mixed mode windows-amd64 compressed oops)
# Failed to write core dump. Minidumps are not enabled by default on client versions of Windows
#

---------------  T H R E A D  ---------------

Current thread (0x0000000014b86000):  JavaThread "C2 CompilerThread0" daemon [_thread_in_native, id=8724, stack(0x0000000015cd0000,0x0000000015dd0000)]

Stack: [0x0000000015cd0000,0x0000000015dd0000]
[error occurred during error reporting (printing stack bounds), id 0xc0000005]

Native frames: (J=compiled Java code, j=interpreted, Vv=VM code, C=native code)


Current CompileTask:
C2:  76449 2765   !   4       com.android.dx.cf.code.Ropper::processBlock (1101 bytes)


---------------  P R O C E S S  ---------------

Java Threads: ( => current thread )
  0x00000000163ed800 JavaThread "pool-2-thread-4" [_thread_blocked, id=15040, stack(0x00000000168d0000,0x00000000169d0000)]
  0x00000000163ed000 JavaThread "pool-2-thread-3" [_thread_blocked, id=11968, stack(0x00000000167d0000,0x00000000168d0000)]
  0x00000000163ec000 JavaThread "pool-2-thread-2" [_thread_blocked, id=16700, stack(0x00000000166d0000,0x00000000167d0000)]
  0x000000001640f000 JavaThread "pool-3-thread-1" [_thread_blocked, id=216, stack(0x00000000165d0000,0x00000000166d0000)]
  0x000000001640e800 JavaThread "pool-2-thread-1" [_thread_blocked, id=7848, stack(0x00000000164d0000,0x00000000165d0000)]
  0x0000000014b97000 JavaThread "Service Thread" daemon [_thread_blocked, id=12944, stack(0x0000000015ed0000,0x0000000015fd0000)]
  0x0000000014b89800 JavaThread "C1 CompilerThread1" daemon [_thread_blocked, id=18536, stack(0x0000000015dd0000,0x0000000015ed0000)]
=>0x0000000014b86000 JavaThread "C2 CompilerThread0" daemon [_thread_in_native, id=8724, stack(0x0000000015cd0000,0x0000000015dd0000)]
  0x0000000014b85000 JavaThread "Attach Listener" daemon [_thread_blocked, id=7844, stack(0x0000000015bd0000,0x0000000015cd0000)]
  0x0000000014b92000 JavaThread "Signal Dispatcher" daemon [_thread_blocked, id=18960, stack(0x0000000015ad0000,0x0000000015bd0000)]
  0x00000000026f8800 JavaThread "Finalizer" daemon [_thread_blocked, id=6996, stack(0x00000000157e0000,0x00000000158e0000)]
  0x00000000026ed000 JavaThread "Reference Handler" daemon [_thread_blocked, id=13428, stack(0x00000000156e0000,0x00000000157e0000)]
  0x0000000002602800 JavaThread "main" [_thread_blocked, id=9020, stack(0x0000000002220000,0x0000000002320000)]

Other Threads:
  0x0000000014b56000 VMThread [stack: 0x00000000155e0000,0x00000000156e0000] [id=15520]
  0x0000000014b9b800 WatcherThread [stack: 0x0000000015fd0000,0x00000000160d0000] [id=7484]

VM state:at safepoint (normal execution)

VM Mutex/Monitor currently owned by a thread:  ([mutex/lock_event])
[0x000000000221cb10] Threads_lock - owner thread: 0x0000000014b56000
[0x000000000221c890] Heap_lock - owner thread: 0x00000000163ed000

Heap:
 PSYoungGen      total 168960K, used 52213K [0x00000000eab00000, 0x0000000100000000, 0x0000000100000000)
  eden space 116736K, 0% used [0x00000000eab00000,0x00000000eab00000,0x00000000f1d00000)
  from space 52224K, 99% used [0x00000000fcd00000,0x00000000ffffd6f8,0x0000000100000000)
  to   space 116224K, 0% used [0x00000000f1d00000,0x00000000f1d00000,0x00000000f8e80000)
 ParOldGen       total 349696K, used 324506K [0x00000000c0000000, 0x00000000d5580000, 0x00000000eab00000)
  object space 349696K, 92% used [0x00000000c0000000,0x00000000d3ce6bc0,0x00000000d5580000)
 Metaspace       used 6513K, capacity 7320K, committed 7680K, reserved 1056768K
  class space    used 620K, capacity 656K, committed 768K, reserved 1048576K

Card table byte_map: [0x0000000011ac0000,0x0000000011cd0000] byte_map_base: 0x00000000114c0000

Marking Bits: (ParMarkBitMap*) 0x0000000062250600
 Begin Bits: [0x0000000012030000, 0x0000000013030000)
 End Bits:   [0x0000000013030000, 0x0000000014030000)

Polling page: 0x0000000002190000

CodeCache: size=245760Kb used=11297Kb max_used=11297Kb free=234462Kb
 bounds [0x0000000002700000, 0x0000000003220000, 0x0000000011700000]
 total_blobs=2631 nmethods=2362 adapters=182
 compilation: enabled

Compilation events (10 events):
Event: 75.080 Thread 0x0000000014b89800 2792       2       com.android.dx.util.ListIntSet::<init> (23 bytes)
Event: 75.081 Thread 0x0000000014b89800 nmethod 2792 0x0000000003206150 code [0x00000000032062e0, 0x0000000003206658]
Event: 75.081 Thread 0x0000000014b89800 2793 %     2       com.android.dx.ssa.DomFront::run @ 170 (264 bytes)
Event: 75.084 Thread 0x0000000014b89800 nmethod 2793% 0x00000000032068d0 code [0x0000000003206c80, 0x00000000032083d8]
Event: 75.086 Thread 0x0000000014b89800 2796       2       com.android.dx.ssa.DomFront::calcDomFronts (154 bytes)
Event: 75.087 Thread 0x0000000014b89800 nmethod 2796 0x0000000003209810 code [0x0000000003209a00, 0x0000000003209f68]
Event: 75.126 Thread 0x0000000014b89800 2798       2       com.android.dx.util.ListIntSet::iterator (9 bytes)
Event: 75.126 Thread 0x0000000014b89800 nmethod 2798 0x000000000320a6d0 code [0x000000000320a820, 0x000000000320a9d0]
Event: 75.126 Thread 0x0000000014b89800 2799       2       com.android.dx.util.ListIntSet$1::hasNext (23 bytes)
Event: 75.126 Thread 0x0000000014b89800 nmethod 2799 0x000000000320aa50 code [0x000000000320aba0, 0x000000000320ad10]

GC Heap History (10 events):
Event: 47.306 GC heap before
{Heap before GC invocations=15 (full 2):
 PSYoungGen      total 238080K, used 235682K [0x00000000eab00000, 0x00000000fd080000, 0x0000000100000000)
  eden space 207360K, 100% used [0x00000000eab00000,0x00000000f7580000,0x00000000f7580000)
  from space 30720K, 92% used [0x00000000f9700000,0x00000000fb2a8a98,0x00000000fb500000)
  to   space 34304K, 0% used [0x00000000f7580000,0x00000000f7580000,0x00000000f9700000)
 ParOldGen       total 128512K, used 92002K [0x00000000c0000000, 0x00000000c7d80000, 0x00000000eab00000)
  object space 128512K, 71% used [0x00000000c0000000,0x00000000c59d8850,0x00000000c7d80000)
 Metaspace       used 6489K, capacity 7256K, committed 7424K, reserved 1056768K
  class space    used 619K, capacity 656K, committed 768K, reserved 1048576K
Event: 47.502 GC heap after
Heap after GC invocations=15 (full 2):
 PSYoungGen      total 241664K, used 34276K [0x00000000eab00000, 0x0000000100000000, 0x0000000100000000)
  eden space 207360K, 0% used [0x00000000eab00000,0x00000000eab00000,0x00000000f7580000)
  from space 34304K, 99% used [0x00000000f7580000,0x00000000f96f9088,0x00000000f9700000)
  to   space 49152K, 0% used [0x00000000fd000000,0x00000000fd000000,0x0000000100000000)
 ParOldGen       total 128512K, used 118176K [0x00000000c0000000, 0x00000000c7d80000, 0x00000000eab00000)
  object space 128512K, 91% used [0x00000000c0000000,0x00000000c73682c0,0x00000000c7d80000)
 Metaspace       used 6489K, capacity 7256K, committed 7424K, reserved 1056768K
  class space    used 619K, capacity 656K, committed 768K, reserved 1048576K
}
Event: 47.502 GC heap before
{Heap before GC invocations=16 (full 3):
 PSYoungGen      total 241664K, used 34276K [0x00000000eab00000, 0x0000000100000000, 0x0000000100000000)
  eden space 207360K, 0% used [0x00000000eab00000,0x00000000eab00000,0x00000000f7580000)
  from space 34304K, 99% used [0x00000000f7580000,0x00000000f96f9088,0x00000000f9700000)
  to   space 49152K, 0% used [0x00000000fd000000,0x00000000fd000000,0x0000000100000000)
 ParOldGen       total 128512K, used 118176K [0x00000000c0000000, 0x00000000c7d80000, 0x00000000eab00000)
  object space 128512K, 91% used [0x00000000c0000000,0x00000000c73682c0,0x00000000c7d80000)
 Metaspace       used 6489K, capacity 7256K, committed 7424K, reserved 1056768K
  class space    used 619K, capacity 656K, committed 768K, reserved 1048576K
Event: 49.382 GC heap after
Heap after GC invocations=16 (full 3):
 PSYoungGen      total 241664K, used 22903K [0x00000000eab00000, 0x0000000100000000, 0x0000000100000000)
  eden space 207360K, 0% used [0x00000000eab00000,0x00000000eab00000,0x00000000f7580000)
  from space 34304K, 66% used [0x00000000f7580000,0x00000000f8bddc08,0x00000000f9700000)
  to   space 49152K, 0% used [0x00000000fd000000,0x00000000fd000000,0x0000000100000000)
 ParOldGen       total 202240K, used 128301K [0x00000000c0000000, 0x00000000cc580000, 0x00000000eab00000)
  object space 202240K, 63% used [0x00000000c0000000,0x00000000c7d4b4b8,0x00000000cc580000)
 Metaspace       used 6489K, capacity 7256K, committed 7424K, reserved 1056768K
  class space    used 619K, capacity 656K, committed 768K, reserved 1048576K
}
Event: 54.023 GC heap before
{Heap before GC invocations=17 (full 3):
 PSYoungGen      total 241664K, used 230263K [0x00000000eab00000, 0x0000000100000000, 0x0000000100000000)
  eden space 207360K, 100% used [0x00000000eab00000,0x00000000f7580000,0x00000000f7580000)
  from space 34304K, 66% used [0x00000000f7580000,0x00000000f8bddc08,0x00000000f9700000)
  to   space 49152K, 0% used [0x00000000fd000000,0x00000000fd000000,0x0000000100000000)
 ParOldGen       total 202240K, used 128301K [0x00000000c0000000, 0x00000000cc580000, 0x00000000eab00000)
  object space 202240K, 63% used [0x00000000c0000000,0x00000000c7d4b4b8,0x00000000cc580000)
 Metaspace       used 6497K, capacity 7256K, committed 7424K, reserved 1056768K
  class space    used 619K, capacity 656K, committed 768K, reserved 1048576K
Event: 54.241 GC heap after
Heap after GC invocations=17 (full 3):
 PSYoungGen      total 293888K, used 35649K [0x00000000eab00000, 0x0000000100000000, 0x0000000100000000)
  eden space 244736K, 0% used [0x00000000eab00000,0x00000000eab00000,0x00000000f9a00000)
  from space 49152K, 72% used [0x00000000fd000000,0x00000000ff2d05a8,0x0000000100000000)
  to   space 52224K, 0% used [0x00000000f9a00000,0x00000000f9a00000,0x00000000fcd00000)
 ParOldGen       total 202240K, used 151429K [0x00000000c0000000, 0x00000000cc580000, 0x00000000eab00000)
  object space 202240K, 74% used [0x00000000c0000000,0x00000000c93e14d0,0x00000000cc580000)
 Metaspace       used 6497K, capacity 7256K, committed 7424K, reserved 1056768K
  class space    used 619K, capacity 656K, committed 768K, reserved 1048576K
}
Event: 68.642 GC heap before
{Heap before GC invocations=18 (full 3):
 PSYoungGen      total 293888K, used 280385K [0x00000000eab00000, 0x0000000100000000, 0x0000000100000000)
  eden space 244736K, 100% used [0x00000000eab00000,0x00000000f9a00000,0x00000000f9a00000)
  from space 49152K, 72% used [0x00000000fd000000,0x00000000ff2d05a8,0x0000000100000000)
  to   space 52224K, 0% used [0x00000000f9a00000,0x00000000f9a00000,0x00000000fcd00000)
 ParOldGen       total 202240K, used 151429K [0x00000000c0000000, 0x00000000cc580000, 0x00000000eab00000)
  object space 202240K, 74% used [0x00000000c0000000,0x00000000c93e14d0,0x00000000cc580000)
 Metaspace       used 6503K, capacity 7256K, committed 7424K, reserved 1056768K
  class space    used 619K, capacity 656K, committed 768K, reserved 1048576K
Event: 69.084 GC heap after
Heap after GC invocations=18 (full 3):
 PSYoungGen      total 296960K, used 52220K [0x00000000eab00000, 0x0000000100000000, 0x0000000100000000)
  eden space 244736K, 0% used [0x00000000eab00000,0x00000000eab00000,0x00000000f9a00000)
  from space 52224K, 99% used [0x00000000f9a00000,0x00000000fccff258,0x00000000fcd00000)
  to   space 52224K, 0% used [0x00000000fcd00000,0x00000000fcd00000,0x0000000100000000)
 ParOldGen       total 226816K, used 226560K [0x00000000c0000000, 0x00000000cdd80000, 0x00000000eab00000)
  object space 226816K, 99% used [0x00000000c0000000,0x00000000cdd40268,0x00000000cdd80000)
 Metaspace       used 6503K, capacity 7256K, committed 7424K, reserved 1056768K
  class space    used 619K, capacity 656K, committed 768K, reserved 1048576K
}
Event: 69.084 GC heap before
{Heap before GC invocations=19 (full 4):
 PSYoungGen      total 296960K, used 52220K [0x00000000eab00000, 0x0000000100000000, 0x0000000100000000)
  eden space 244736K, 0% used [0x00000000eab00000,0x00000000eab00000,0x00000000f9a00000)
  from space 52224K, 99% used [0x00000000f9a00000,0x00000000fccff258,0x00000000fcd00000)
  to   space 52224K, 0% used [0x00000000fcd00000,0x00000000fcd00000,0x0000000100000000)
 ParOldGen       total 226816K, used 226560K [0x00000000c0000000, 0x00000000cdd80000, 0x00000000eab00000)
  object space 226816K, 99% used [0x00000000c0000000,0x00000000cdd40268,0x00000000cdd80000)
 Metaspace       used 6503K, capacity 7256K, committed 7424K, reserved 1056768K
  class space    used 619K, capacity 656K, committed 768K, reserved 1048576K
Event: 74.725 GC heap after
Heap after GC invocations=19 (full 4):
 PSYoungGen      total 296960K, used 45911K [0x00000000eab00000, 0x0000000100000000, 0x0000000100000000)
  eden space 244736K, 0% used [0x00000000eab00000,0x00000000eab00000,0x00000000f9a00000)
  from space 52224K, 87% used [0x00000000f9a00000,0x00000000fc6d5fe8,0x00000000fcd00000)
  to   space 52224K, 0% used [0x00000000fcd00000,0x00000000fcd00000,0x0000000100000000)
 ParOldGen       total 349696K, used 226564K [0x00000000c0000000, 0x00000000d5580000, 0x00000000eab00000)
  object space 349696K, 64% used [0x00000000c0000000,0x00000000cdd413f0,0x00000000d5580000)
 Metaspace       used 6503K, capacity 7256K, committed 7424K, reserved 1056768K
  class space    used 619K, capacity 656K, committed 768K, reserved 1048576K
}

Deoptimization events (10 events):
Event: 53.923 Thread 0x00000000163ed800 Uncommon trap: reason=bimorphic action=maybe_recompile pc=0x0000000002b86580 method=com.android.dx.ssa.back.FirstFitLocalCombiningAllocator.findNextUnreservedRopReg(IILcom/android/dx/ssa/back/FirstFitLocalCombiningAllocator$Alignment;)I @ 60
Event: 53.926 Thread 0x00000000163ed800 Uncommon trap: reason=bimorphic action=maybe_recompile pc=0x0000000002b86580 method=com.android.dx.ssa.back.FirstFitLocalCombiningAllocator.findNextUnreservedRopReg(IILcom/android/dx/ssa/back/FirstFitLocalCombiningAllocator$Alignment;)I @ 60
Event: 66.372 Thread 0x00000000163ec000 Uncommon trap: reason=null_check action=make_not_entrant pc=0x000000000295c398 method=com.android.dx.rop.cst.CstKnownNull.equals(Ljava/lang/Object;)Z @ 1
Event: 66.429 Thread 0x00000000163ed800 Uncommon trap: reason=class_check action=maybe_recompile pc=0x00000000030b4bb8 method=com.android.dx.cf.code.Ropper.processBlock(Lcom/android/dx/cf/code/ByteBlock;Lcom/android/dx/cf/code/Frame;[I)V @ 711
Event: 74.971 Thread 0x00000000163ed000 Uncommon trap: reason=predicate action=maybe_recompile pc=0x0000000002cc65c0 method=com.android.dx.ssa.DomFront.run()[Lcom/android/dx/ssa/DomFront$DomInfo; @ 175
Event: 75.125 Thread 0x00000000163ed000 Uncommon trap: reason=class_check action=maybe_recompile pc=0x0000000002f96fa4 method=com.android.dx.ssa.SsaConverter.placePhiFunctions(Lcom/android/dx/ssa/SsaMethod;Lcom/android/dx/ssa/LocalVariableInfo;I)V @ 257
Event: 75.126 Thread 0x00000000163ed000 Uncommon trap: reason=class_check action=maybe_recompile pc=0x0000000002de68a0 method=com.android.dx.ssa.SsaConverter.placePhiFunctions(Lcom/android/dx/ssa/SsaMethod;Lcom/android/dx/ssa/LocalVariableInfo;I)V @ 257
Event: 75.127 Thread 0x00000000163ed000 Uncommon trap: reason=class_check action=maybe_recompile pc=0x0000000002de68a0 method=com.android.dx.ssa.SsaConverter.placePhiFunctions(Lcom/android/dx/ssa/SsaMethod;Lcom/android/dx/ssa/LocalVariableInfo;I)V @ 257
Event: 75.132 Thread 0x00000000163ed000 Uncommon trap: reason=class_check action=maybe_recompile pc=0x0000000002de68a0 method=com.android.dx.ssa.SsaConverter.placePhiFunctions(Lcom/android/dx/ssa/SsaMethod;Lcom/android/dx/ssa/LocalVariableInfo;I)V @ 257
Event: 75.273 Thread 0x000000001640e800 Uncommon trap: reason=class_check action=maybe_recompile pc=0x0000000002f96fa4 method=com.android.dx.ssa.SsaConverter.placePhiFunctions(Lcom/android/dx/ssa/SsaMethod;Lcom/android/dx/ssa/LocalVariableInfo;I)V @ 257

Internal exceptions (10 events):
Event: 3.105 Thread 0x0000000002602800 Exception <a 'java/lang/NoSuchMethodError': Method sun.misc.Unsafe.defineClass(Ljava/lang/String;[BII)Ljava/lang/Class; name or signature does not match> (0x00000000eab07cc0) thrown at [C:\re\workspace\8-2-build-windows-amd64-cygwin\jdk8u74\6087\hotspot\sr•”ý8×@
Event: 3.105 Thread 0x0000000002602800 Exception <a 'java/lang/NoSuchMethodError': Method sun.misc.Unsafe.prefetchRead(Ljava/lang/Object;J)V name or signature does not match> (0x00000000eab07fa8) thrown at [C:\re\workspace\8-2-build-windows-amd64-cygwin\jdk8u74\6087\hotspot\src\share\vm\prims\jñ+X¸Ú¡%@
Event: 10.816 Thread 0x00000000163ed800 Implicit null exception at 0x0000000002ab5067 to 0x0000000002ab7369
Event: 11.124 Thread 0x00000000163ec000 Implicit null exception at 0x0000000002b0c091 to 0x0000000002b0e0e9
Event: 12.117 Thread 0x000000001640e800 Exception <a 'java/lang/ArrayIndexOutOfBoundsException': 18> (0x00000000eb7c6c18) thrown at [C:\re\workspace\8-2-build-windows-amd64-cygwin\jdk8u74\6087\hotspot\src\share\vm\interpreter\interpreterRuntime.cpp, line 366]
Event: 12.118 Thread 0x000000001640e800 Exception <a 'java/lang/ArrayIndexOutOfBoundsException'> (0x00000000eb7c8798) thrown at [C:\re\workspace\8-2-build-windows-amd64-cygwin\jdk8u74\6087\hotspot\src\share\vm\runtime\sharedRuntime.cpp, line 605]
Event: 12.176 Thread 0x000000001640e800 Exception <a 'java/lang/ArrayIndexOutOfBoundsException'> (0x00000000eb7c9a80) thrown at [C:\re\workspace\8-2-build-windows-amd64-cygwin\jdk8u74\6087\hotspot\src\share\vm\runtime\sharedRuntime.cpp, line 605]
Event: 26.138 Thread 0x00000000163ed000 Implicit null exception at 0x0000000003023c2c to 0x0000000003029319
Event: 52.157 Thread 0x0000000002602800 Implicit null exception at 0x00000000028630fd to 0x0000000002863a9d
Event: 66.372 Thread 0x00000000163ec000 Implicit null exception at 0x000000000295c36c to 0x000000000295c38e

Events (10 events):
Event: 75.127 Thread 0x00000000163ed000 DEOPT PACKING pc=0x0000000002de68a0 sp=0x00000000168ce820
Event: 75.127 Thread 0x00000000163ed000 DEOPT UNPACKING pc=0x000000000274582a sp=0x00000000168ce818 mode 2
Event: 75.132 Thread 0x00000000163ed000 Uncommon trap: trap_request=0xffffffde fr.pc=0x0000000002de68a0
Event: 75.132 Thread 0x00000000163ed000 DEOPT PACKING pc=0x0000000002de68a0 sp=0x00000000168ce820
Event: 75.132 Thread 0x00000000163ed000 DEOPT UNPACKING pc=0x000000000274582a sp=0x00000000168ce818 mode 2
Event: 75.250 Thread 0x00000000163ec000 DEOPT PACKING pc=0x0000000003209de8 sp=0x00000000167cea90
Event: 75.250 Thread 0x00000000163ec000 DEOPT UNPACKING pc=0x000000000274747f sp=0x00000000167ce7f8 mode 0
Event: 75.273 Thread 0x000000001640e800 Uncommon trap: trap_request=0xffffffde fr.pc=0x0000000002f96fa4
Event: 75.273 Thread 0x000000001640e800 DEOPT PACKING pc=0x0000000002f96fa4 sp=0x00000000165cedd0
Event: 75.273 Thread 0x000000001640e800 DEOPT UNPACKING pc=0x000000000274582a sp=0x00000000165cedb8 mode 2


Dynamic libraries:
0x000007f6e0df0000 - 0x000007f6e0e27000 	C:\Program Files\Java\jdk1.8.0_74\bin\java.exe
0x000007fdeec60000 - 0x000007fdeee1d000 	C:\WINDOWS\SYSTEM32\ntdll.dll
0x000007fdec750000 - 0x000007fdec886000 	C:\WINDOWS\system32\KERNEL32.DLL
0x000007fdebdd0000 - 0x000007fdebec4000 	C:\WINDOWS\system32\KERNELBASE.dll
0x000007fdec5c0000 - 0x000007fdec69e000 	C:\WINDOWS\system32\ADVAPI32.dll
0x000007fdee530000 - 0x000007fdee67c000 	C:\WINDOWS\system32\USER32.dll
0x000007fde9800000 - 0x000007fde9a6a000 	C:\WINDOWS\WinSxS\amd64_microsoft.windows.common-controls_6595b64144ccf1df_6.0.9200.17359_none_4188b989718cf1c6\COMCTL32.dll
0x000007fdec6a0000 - 0x000007fdec745000 	C:\WINDOWS\system32\msvcrt.dll
0x000007fdec570000 - 0x000007fdec5b8000 	C:\WINDOWS\SYSTEM32\sechost.dll
0x000007fdec1e0000 - 0x000007fdec325000 	C:\WINDOWS\system32\RPCRT4.dll
0x000007fdec340000 - 0x000007fdec481000 	C:\WINDOWS\system32\GDI32.dll
0x000007fdec030000 - 0x000007fdec069000 	C:\WINDOWS\system32\IMM32.DLL
0x000007fdee410000 - 0x000007fdee525000 	C:\WINDOWS\system32\MSCTF.dll
0x0000000061600000 - 0x00000000616d2000 	C:\Program Files\Java\jdk1.8.0_74\jre\bin\msvcr100.dll
0x0000000061a40000 - 0x00000000622d0000 	C:\Program Files\Java\jdk1.8.0_74\jre\bin\server\jvm.dll
0x000007fde5060000 - 0x000007fde5069000 	C:\WINDOWS\SYSTEM32\WSOCK32.dll
0x000007fde53d0000 - 0x000007fde53f0000 	C:\WINDOWS\SYSTEM32\WINMM.dll
0x000007fde5a00000 - 0x000007fde5a09000 	C:\WINDOWS\SYSTEM32\VERSION.dll
0x000007fdec560000 - 0x000007fdec567000 	C:\WINDOWS\system32\PSAPI.DLL
0x000007fdee030000 - 0x000007fdee088000 	C:\WINDOWS\system32\WS2_32.dll
0x000007fde5390000 - 0x000007fde53c2000 	C:\WINDOWS\SYSTEM32\WINMMBASE.dll
0x000007fdec330000 - 0x000007fdec339000 	C:\WINDOWS\system32\NSI.dll
0x00000000623b0000 - 0x00000000623bf000 	C:\Program Files\Java\jdk1.8.0_74\jre\bin\verify.dll
0x0000000062380000 - 0x00000000623a9000 	C:\Program Files\Java\jdk1.8.0_74\jre\bin\java.dll
0x0000000061a20000 - 0x0000000061a36000 	C:\Program Files\Java\jdk1.8.0_74\jre\bin\zip.dll
0x000007fdec890000 - 0x000007fdedb75000 	C:\WINDOWS\system32\SHELL32.dll
0x000007fdee0f0000 - 0x000007fdee2a0000 	C:\WINDOWS\SYSTEM32\combase.dll
0x000007fdee2a0000 - 0x000007fdee2f0000 	C:\WINDOWS\system32\SHLWAPI.dll
0x000007fde9ff0000 - 0x000007fdea086000 	C:\WINDOWS\SYSTEM32\SHCORE.dll
0x000007fdebb80000 - 0x000007fdebb95000 	C:\WINDOWS\system32\profapi.dll

VM Arguments:
jvm_args: -Djava.awt.headless=true -Xmx1024M -Dfile.encoding=windows-1252 -Duser.country=ZA -Duser.language=en -Duser.variant 
java_command: com.android.dx.command.Main --dex --num-threads=4 --multi-dex --main-dex-list C:\Users\ObesT\team06\NewFiles(27-07-2016)\IntelliFleetMobile\app\build\intermediates\multi-dex\debug\maindexlist.txt --output C:\Users\ObesT\team06\NewFiles(27-07-2016)\IntelliFleetMobile\app\build\intermediates\transforms\dex\debug\folders\1000\1f\main C:\Users\ObesT\team06\NewFiles(27-07-2016)\IntelliFleetMobile\app\build\intermediates\transforms\jarMerging\debug\jars\1\1f\combined.jar
java_class_path (initial): C:\Users\ObesT\AppData\Local\Android\sdk\build-tools\build-tools-23.0.1\lib\dx.jar
Launcher Type: SUN_STANDARD

Environment Variables:
JAVA_HOME=C:\Program Files\Java\jdk1.8.0_74
PATH=C:\ProgramData\Oracle\Java\javapath;C:\Program Files\Broadcom\Broadcom 802.11 Network Adapter\Driver;C:\Program Files (x86)\Intel\iCLS Client\;C:\Program Files\Intel\iCLS Client\;C:\WINDOWS\system32;C:\WINDOWS;C:\WINDOWS\System32\Wbem;C:\WINDOWS\System32\WindowsPowerShell\v1.0\;C:\Program Files\Intel\Intel(R) Management Engine Components\DAL;C:\Program Files\Intel\Intel(R) Management Engine Components\IPT;C:\Program Files (x86)\Intel\Intel(R) Management Engine Components\DAL;C:\Program Files (x86)\Intel\Intel(R) Management Engine Components\IPT;C:\Program Files (x86)\Intel\OpenCL SDK\2.0\bin\x86;C:\Program Files (x86)\Intel\OpenCL SDK\2.0\bin\x64;C:\Program Files\Microsoft\Web Platform Installer\;C:\Program Files (x86)\Microsoft ASP.NET\ASP.NET Web Pages\v1.0\;C:\Program Files\Microsoft SQL Server\110\Tools\Binn\;C:\Program Files\Git\cmd;C:\Program Files (x86)\Common Files\lenovo\easyplussdk\bin;C:\Program Files (x86)\Windows Kits\8.1\Windows Performance Toolkit\;C:\Program Files\Microsoft SQL Server\130\Tools\Binn\;C:\Program Files\Microsoft SQL Server\Client SDK\ODBC\110\Tools\Binn\;C:\Program Files (x86)\Microsoft SQL Server\130\Tools\Binn\;C:\Program Files\Microsoft SQL Server\130\DTS\Binn\;C:\Program Files (x86)\Microsoft SQL Server\130\Tools\Binn\ManagementStudio\;C:\Program Files (x86)\Microsoft SQL Server\130\DTS\Binn\
USERNAME=ObesT
OS=Windows_NT
PROCESSOR_IDENTIFIER=Intel64 Family 6 Model 42 Stepping 7, GenuineIntel



---------------  S Y S T E M  ---------------

OS: Windows 8 , 64 bit Build 9200 (6.2.9200.16815)

CPU:total 2 (2 cores per cpu, 1 threads per core) family 6 model 42 stepping 7, cmov, cx8, fxsr, mmx, sse, sse2, sse3, ssse3, sse4.1, sse4.2, popcnt, clmul, tsc, tscinvbit

Memory: 4k page, physical 4036004k(83680k free), swap 8230308k(7104k free)

vm_info: Java HotSpot(TM) 64-Bit Server VM (25.74-b02) for windows-amd64 JRE (1.8.0_74-b02), built on Jan 29 2016 17:42:36 by "java_re" with MS VC++ 10.0 (VS2010)

time: Wed Aug 31 13:12:19 2016
elapsed time: 78 seconds (0d 0h 1m 18s)

