#
# There is insufficient memory for the Java Runtime Environment to continue.
# Native memory allocation (malloc) failed to allocate 1774176 bytes for Chunk::new
# Possible reasons:
#   The system is out of physical RAM or swap space
#   In 32 bit mode, the process size limit was hit
# Possible solutions:
#   Reduce memory load on the system
#   Increase physical memory or swap space
#   Check if swap backing store is full
#   Use 64 bit Java on a 64 bit OS
#   Decrease Java heap size (-Xmx/-Xms)
#   Decrease number of Java threads
#   Decrease Java thread stack sizes (-Xss)
#   Set larger code cache with -XX:ReservedCodeCacheSize=
# This output file may be truncated or incomplete.
#
#  Out of Memory Error (allocation.cpp:390), pid=9404, tid=4964
#
# JRE version: Java(TM) SE Runtime Environment (8.0_74-b02) (build 1.8.0_74-b02)
# Java VM: Java HotSpot(TM) 64-Bit Server VM (25.74-b02 mixed mode windows-amd64 compressed oops)
# Failed to write core dump. Minidumps are not enabled by default on client versions of Windows
#

---------------  T H R E A D  ---------------

Current thread (0x0000000014754800):  JavaThread "C2 CompilerThread0" daemon [_thread_in_native, id=4964, stack(0x0000000015880000,0x0000000015980000)]

Stack: [0x0000000015880000,0x0000000015980000]
[error occurred during error reporting (printing stack bounds), id 0xc0000005]

Native frames: (J=compiled Java code, j=interpreted, Vv=VM code, C=native code)


Current CompileTask:
C2:  11718 1952   !   4       com.android.dx.cf.cst.ConstantPoolParser::parse0 (731 bytes)


---------------  P R O C E S S  ---------------

Java Threads: ( => current thread )
  0x0000000016afb800 JavaThread "pool-1-thread-1" [_thread_in_vm, id=10112, stack(0x0000000016080000,0x0000000016180000)]
  0x00000000147b5800 JavaThread "Service Thread" daemon [_thread_blocked, id=3812, stack(0x0000000015a80000,0x0000000015b80000)]
  0x00000000147b2800 JavaThread "C1 CompilerThread1" daemon [_thread_blocked, id=9924, stack(0x0000000015980000,0x0000000015a80000)]
=>0x0000000014754800 JavaThread "C2 CompilerThread0" daemon [_thread_in_native, id=4964, stack(0x0000000015880000,0x0000000015980000)]
  0x0000000014753000 JavaThread "Attach Listener" daemon [_thread_blocked, id=8276, stack(0x0000000015780000,0x0000000015880000)]
  0x0000000014762000 JavaThread "Signal Dispatcher" daemon [_thread_blocked, id=8876, stack(0x0000000015680000,0x0000000015780000)]
  0x0000000001f72800 JavaThread "Finalizer" daemon [_thread_blocked, id=8044, stack(0x0000000015390000,0x0000000015490000)]
  0x0000000001f6d000 JavaThread "Reference Handler" daemon [_thread_blocked, id=7648, stack(0x0000000015290000,0x0000000015390000)]
  0x0000000001e82800 JavaThread "main" [_thread_blocked, id=3432, stack(0x0000000001d30000,0x0000000001e30000)]

Other Threads:
  0x0000000014726000 VMThread [stack: 0x0000000015190000,0x0000000015290000] [id=5944]
  0x00000000147be800 WatcherThread [stack: 0x0000000015b80000,0x0000000015c80000] [id=7008]

VM state:not at safepoint (normal execution)

VM Mutex/Monitor currently owned by a thread: None

Heap:
 PSYoungGen      total 138240K, used 26825K [0x00000000eab00000, 0x00000000f9c00000, 0x0000000100000000)
  eden space 120320K, 13% used [0x00000000eab00000,0x00000000ebac0450,0x00000000f2080000)
  from space 17920K, 59% used [0x00000000f2080000,0x00000000f2af2180,0x00000000f3200000)
  to   space 27136K, 0% used [0x00000000f8180000,0x00000000f8180000,0x00000000f9c00000)
 ParOldGen       total 44032K, used 43911K [0x00000000c0000000, 0x00000000c2b00000, 0x00000000eab00000)
  object space 44032K, 99% used [0x00000000c0000000,0x00000000c2ae1c98,0x00000000c2b00000)
 Metaspace       used 6690K, capacity 7448K, committed 7680K, reserved 1056768K
  class space    used 630K, capacity 656K, committed 768K, reserved 1048576K

Card table byte_map: [0x0000000011690000,0x00000000118a0000] byte_map_base: 0x0000000011090000

Marking Bits: (ParMarkBitMap*) 0x000000006ad50600
 Begin Bits: [0x0000000011c00000, 0x0000000012c00000)
 End Bits:   [0x0000000012c00000, 0x0000000013c00000)

Polling page: 0x0000000001e30000

CodeCache: size=245760Kb used=8818Kb max_used=8818Kb free=236941Kb
 bounds [0x00000000022d0000, 0x0000000002b80000, 0x00000000112d0000]
 total_blobs=2477 nmethods=2209 adapters=181
 compilation: enabled

Compilation events (10 events):
Event: 11.673 Thread 0x00000000147b2800 2246       2       com.android.dex.Leb128::writeUnsignedLeb128 (46 bytes)
Event: 11.674 Thread 0x00000000147b2800 nmethod 2246 0x0000000002b62410 code [0x0000000002b62580, 0x0000000002b62778]
Event: 11.676 Thread 0x00000000147b2800 2247       2       com.android.dx.dex.code.CatchHandlerList::compareTo (9 bytes)
Event: 11.676 Thread 0x00000000147b2800 nmethod 2247 0x0000000002b62050 code [0x0000000002b621c0, 0x0000000002b62368]
Event: 11.678 Thread 0x00000000147b2800 2248       2       com.android.dx.dex.code.CatchTable::get (9 bytes)
Event: 11.678 Thread 0x00000000147b2800 nmethod 2248 0x0000000002b61c90 code [0x0000000002b61e00, 0x0000000002b61fa8]
Event: 11.693 Thread 0x00000000147b2800 2249       1       com.android.dx.dex.code.form.Form20t::codeSize (2 bytes)
Event: 11.693 Thread 0x00000000147b2800 nmethod 2249 0x0000000002b619d0 code [0x0000000002b61b20, 0x0000000002b61c30]
Event: 11.693 Thread 0x00000000147b2800 2250       2       com.android.dx.dex.code.form.Form20t::branchFits (22 bytes)
Event: 11.694 Thread 0x00000000147b2800 nmethod 2250 0x0000000002b61310 code [0x0000000002b614a0, 0x0000000002b61798]

GC Heap History (10 events):
Event: 4.967 GC heap before
{Heap before GC invocations=6 (full 0):
 PSYoungGen      total 34304K, used 34304K [0x00000000eab00000, 0x00000000ef700000, 0x0000000100000000)
  eden space 31744K, 100% used [0x00000000eab00000,0x00000000eca00000,0x00000000eca00000)
  from space 2560K, 100% used [0x00000000eca00000,0x00000000ecc80000,0x00000000ecc80000)
  to   space 7168K, 0% used [0x00000000ef000000,0x00000000ef000000,0x00000000ef700000)
 ParOldGen       total 42496K, used 13483K [0x00000000c0000000, 0x00000000c2980000, 0x00000000eab00000)
  object space 42496K, 31% used [0x00000000c0000000,0x00000000c0d2af38,0x00000000c2980000)
 Metaspace       used 6183K, capacity 7088K, committed 7296K, reserved 1056768K
  class space    used 593K, capacity 616K, committed 640K, reserved 1048576K
Event: 5.042 GC heap after
Heap after GC invocations=6 (full 0):
 PSYoungGen      total 69632K, used 7152K [0x00000000eab00000, 0x00000000ef900000, 0x0000000100000000)
  eden space 62464K, 0% used [0x00000000eab00000,0x00000000eab00000,0x00000000ee800000)
  from space 7168K, 99% used [0x00000000ef000000,0x00000000ef6fc010,0x00000000ef700000)
  to   space 8192K, 0% used [0x00000000ee800000,0x00000000ee800000,0x00000000ef000000)
 ParOldGen       total 42496K, used 13577K [0x00000000c0000000, 0x00000000c2980000, 0x00000000eab00000)
  object space 42496K, 31% used [0x00000000c0000000,0x00000000c0d425e8,0x00000000c2980000)
 Metaspace       used 6183K, capacity 7088K, committed 7296K, reserved 1056768K
  class space    used 593K, capacity 616K, committed 640K, reserved 1048576K
}
Event: 6.212 GC heap before
{Heap before GC invocations=7 (full 0):
 PSYoungGen      total 69632K, used 69616K [0x00000000eab00000, 0x00000000ef900000, 0x0000000100000000)
  eden space 62464K, 100% used [0x00000000eab00000,0x00000000ee800000,0x00000000ee800000)
  from space 7168K, 99% used [0x00000000ef000000,0x00000000ef6fc010,0x00000000ef700000)
  to   space 8192K, 0% used [0x00000000ee800000,0x00000000ee800000,0x00000000ef000000)
 ParOldGen       total 42496K, used 13577K [0x00000000c0000000, 0x00000000c2980000, 0x00000000eab00000)
  object space 42496K, 31% used [0x00000000c0000000,0x00000000c0d425e8,0x00000000c2980000)
 Metaspace       used 6269K, capacity 7152K, committed 7296K, reserved 1056768K
  class space    used 593K, capacity 616K, committed 640K, reserved 1048576K
Event: 6.278 GC heap after
Heap after GC invocations=7 (full 0):
 PSYoungGen      total 70656K, used 8192K [0x00000000eab00000, 0x00000000f3f00000, 0x0000000100000000)
  eden space 62464K, 0% used [0x00000000eab00000,0x00000000eab00000,0x00000000ee800000)
  from space 8192K, 100% used [0x00000000ee800000,0x00000000ef000000,0x00000000ef000000)
  to   space 13312K, 0% used [0x00000000f3200000,0x00000000f3200000,0x00000000f3f00000)
 ParOldGen       total 42496K, used 22005K [0x00000000c0000000, 0x00000000c2980000, 0x00000000eab00000)
  object space 42496K, 51% used [0x00000000c0000000,0x00000000c157d7c8,0x00000000c2980000)
 Metaspace       used 6269K, capacity 7152K, committed 7296K, reserved 1056768K
  class space    used 593K, capacity 616K, committed 640K, reserved 1048576K
}
Event: 7.343 GC heap before
{Heap before GC invocations=8 (full 0):
 PSYoungGen      total 70656K, used 70656K [0x00000000eab00000, 0x00000000f3f00000, 0x0000000100000000)
  eden space 62464K, 100% used [0x00000000eab00000,0x00000000ee800000,0x00000000ee800000)
  from space 8192K, 100% used [0x00000000ee800000,0x00000000ef000000,0x00000000ef000000)
  to   space 13312K, 0% used [0x00000000f3200000,0x00000000f3200000,0x00000000f3f00000)
 ParOldGen       total 42496K, used 22005K [0x00000000c0000000, 0x00000000c2980000, 0x00000000eab00000)
  object space 42496K, 51% used [0x00000000c0000000,0x00000000c157d7c8,0x00000000c2980000)
 Metaspace       used 6380K, capacity 7192K, committed 7424K, reserved 1056768K
  class space    used 612K, capacity 656K, committed 768K, reserved 1048576K
Event: 7.421 GC heap after
Heap after GC invocations=8 (full 0):
 PSYoungGen      total 133632K, used 13302K [0x00000000eab00000, 0x00000000f4800000, 0x0000000100000000)
  eden space 120320K, 0% used [0x00000000eab00000,0x00000000eab00000,0x00000000f2080000)
  from space 13312K, 99% used [0x00000000f3200000,0x00000000f3efd878,0x00000000f3f00000)
  to   space 17920K, 0% used [0x00000000f2080000,0x00000000f2080000,0x00000000f3200000)
 ParOldGen       total 42496K, used 28502K [0x00000000c0000000, 0x00000000c2980000, 0x00000000eab00000)
  object space 42496K, 67% used [0x00000000c0000000,0x00000000c1bd59c0,0x00000000c2980000)
 Metaspace       used 6380K, capacity 7192K, committed 7424K, reserved 1056768K
  class space    used 612K, capacity 656K, committed 768K, reserved 1048576K
}
Event: 8.930 GC heap before
{Heap before GC invocations=9 (full 0):
 PSYoungGen      total 133632K, used 133622K [0x00000000eab00000, 0x00000000f4800000, 0x0000000100000000)
  eden space 120320K, 100% used [0x00000000eab00000,0x00000000f2080000,0x00000000f2080000)
  from space 13312K, 99% used [0x00000000f3200000,0x00000000f3efd878,0x00000000f3f00000)
  to   space 17920K, 0% used [0x00000000f2080000,0x00000000f2080000,0x00000000f3200000)
 ParOldGen       total 42496K, used 28502K [0x00000000c0000000, 0x00000000c2980000, 0x00000000eab00000)
  object space 42496K, 67% used [0x00000000c0000000,0x00000000c1bd59c0,0x00000000c2980000)
 Metaspace       used 6397K, capacity 7192K, committed 7424K, reserved 1056768K
  class space    used 613K, capacity 656K, committed 768K, reserved 1048576K
Event: 9.076 GC heap after
Heap after GC invocations=9 (full 0):
 PSYoungGen      total 138240K, used 17910K [0x00000000eab00000, 0x00000000f9c00000, 0x0000000100000000)
  eden space 120320K, 0% used [0x00000000eab00000,0x00000000eab00000,0x00000000f2080000)
  from space 17920K, 99% used [0x00000000f2080000,0x00000000f31fd868,0x00000000f3200000)
  to   space 27136K, 0% used [0x00000000f8180000,0x00000000f8180000,0x00000000f9c00000)
 ParOldGen       total 44032K, used 43618K [0x00000000c0000000, 0x00000000c2b00000, 0x00000000eab00000)
  object space 44032K, 99% used [0x00000000c0000000,0x00000000c2a98ac0,0x00000000c2b00000)
 Metaspace       used 6397K, capacity 7192K, committed 7424K, reserved 1056768K
  class space    used 613K, capacity 656K, committed 768K, reserved 1048576K
}
Event: 9.076 GC heap before
{Heap before GC invocations=10 (full 1):
 PSYoungGen      total 138240K, used 17910K [0x00000000eab00000, 0x00000000f9c00000, 0x0000000100000000)
  eden space 120320K, 0% used [0x00000000eab00000,0x00000000eab00000,0x00000000f2080000)
  from space 17920K, 99% used [0x00000000f2080000,0x00000000f31fd868,0x00000000f3200000)
  to   space 27136K, 0% used [0x00000000f8180000,0x00000000f8180000,0x00000000f9c00000)
 ParOldGen       total 44032K, used 43618K [0x00000000c0000000, 0x00000000c2b00000, 0x00000000eab00000)
  object space 44032K, 99% used [0x00000000c0000000,0x00000000c2a98ac0,0x00000000c2b00000)
 Metaspace       used 6397K, capacity 7192K, committed 7424K, reserved 1056768K
  class space    used 613K, capacity 656K, committed 768K, reserved 1048576K
Event: 10.402 GC heap after
Heap after GC invocations=10 (full 1):
 PSYoungGen      total 138240K, used 10696K [0x00000000eab00000, 0x00000000f9c00000, 0x0000000100000000)
  eden space 120320K, 0% used [0x00000000eab00000,0x00000000eab00000,0x00000000f2080000)
  from space 17920K, 59% used [0x00000000f2080000,0x00000000f2af2180,0x00000000f3200000)
  to   space 27136K, 0% used [0x00000000f8180000,0x00000000f8180000,0x00000000f9c00000)
 ParOldGen       total 44032K, used 43911K [0x00000000c0000000, 0x00000000c2b00000, 0x00000000eab00000)
  object space 44032K, 99% used [0x00000000c0000000,0x00000000c2ae1c98,0x00000000c2b00000)
 Metaspace       used 6397K, capacity 7192K, committed 7424K, reserved 1056768K
  class space    used 613K, capacity 656K, committed 768K, reserved 1048576K
}

Deoptimization events (10 events):
Event: 8.169 Thread 0x0000000015e9b800 Uncommon trap: reason=class_check action=maybe_recompile pc=0x0000000002a1c2b4 method=com.android.dx.ssa.SCCP.simulateBranch(Lcom/android/dx/ssa/SsaInsn;)V @ 145
Event: 11.151 Thread 0x0000000016afb800 Uncommon trap: reason=class_check action=maybe_recompile pc=0x00000000028193c8 method=java.util.Arrays.hashCode([Ljava/lang/Object;)I @ 43
Event: 11.151 Thread 0x0000000016afb800 Uncommon trap: reason=class_check action=maybe_recompile pc=0x00000000028193c8 method=java.util.Arrays.hashCode([Ljava/lang/Object;)I @ 43
Event: 11.151 Thread 0x0000000016afb800 Uncommon trap: reason=class_check action=maybe_recompile pc=0x00000000028193c8 method=java.util.Arrays.hashCode([Ljava/lang/Object;)I @ 43
Event: 11.151 Thread 0x0000000016afb800 Uncommon trap: reason=class_check action=maybe_recompile pc=0x00000000028193c8 method=java.util.Arrays.hashCode([Ljava/lang/Object;)I @ 43
Event: 11.151 Thread 0x0000000016afb800 Uncommon trap: reason=class_check action=maybe_recompile pc=0x00000000027aa574 method=java.util.Arrays.hashCode([Ljava/lang/Object;)I @ 43
Event: 11.471 Thread 0x0000000016afb800 Uncommon trap: reason=speculate_class_check action=maybe_recompile pc=0x000000000268c478 method=com.android.dx.util.FixedSizeList.equals(Ljava/lang/Object;)Z @ 25
Event: 11.471 Thread 0x0000000016afb800 Uncommon trap: reason=speculate_class_check action=maybe_recompile pc=0x000000000268c478 method=com.android.dx.util.FixedSizeList.equals(Ljava/lang/Object;)Z @ 25
Event: 11.471 Thread 0x0000000016afb800 Uncommon trap: reason=speculate_class_check action=maybe_recompile pc=0x000000000268c478 method=com.android.dx.util.FixedSizeList.equals(Ljava/lang/Object;)Z @ 25
Event: 11.471 Thread 0x0000000016afb800 Uncommon trap: reason=speculate_class_check action=maybe_recompile pc=0x000000000268c478 method=com.android.dx.util.FixedSizeList.equals(Ljava/lang/Object;)Z @ 25

Internal exceptions (5 events):
Event: 0.039 Thread 0x0000000001e82800 Exception <a 'java/lang/NoSuchMethodError': Method sun.misc.Unsafe.defineClass(Ljava/lang/String;[BII)Ljava/lang/Class; name or signature does not match> (0x00000000eab07cc0) thrown at [C:\re\workspace\8-2-build-windows-amd64-cygwin\jdk8u74\6087\hotspot\sr∆3®Ü§?
Event: 0.039 Thread 0x0000000001e82800 Exception <a 'java/lang/NoSuchMethodError': Method sun.misc.Unsafe.prefetchRead(Ljava/lang/Object;J)V name or signature does not match> (0x00000000eab07fa8) thrown at [C:\re\workspace\8-2-build-windows-amd64-cygwin\jdk8u74\6087\hotspot\src\share\vm\prims\jîh‘"∏@
Event: 7.180 Thread 0x0000000015e97000 Exception <a 'java/lang/ArrayIndexOutOfBoundsException': 18> (0x00000000ee2eae90) thrown at [C:\re\workspace\8-2-build-windows-amd64-cygwin\jdk8u74\6087\hotspot\src\share\vm\interpreter\interpreterRuntime.cpp, line 366]
Event: 7.180 Thread 0x0000000015e97000 Exception <a 'java/lang/ArrayIndexOutOfBoundsException'> (0x00000000ee2eca10) thrown at [C:\re\workspace\8-2-build-windows-amd64-cygwin\jdk8u74\6087\hotspot\src\share\vm\runtime\sharedRuntime.cpp, line 605]
Event: 7.181 Thread 0x0000000015e97000 Exception <a 'java/lang/ArrayIndexOutOfBoundsException'> (0x00000000ee2edcf8) thrown at [C:\re\workspace\8-2-build-windows-amd64-cygwin\jdk8u74\6087\hotspot\src\share\vm\runtime\sharedRuntime.cpp, line 605]

Events (10 events):
Event: 11.549 Thread 0x0000000016afb800 DEOPT PACKING pc=0x0000000002b0af19 sp=0x000000001617ebf0
Event: 11.549 Thread 0x0000000016afb800 DEOPT UNPACKING pc=0x000000000231747f sp=0x000000001617e9b8 mode 0
Event: 11.554 Thread 0x0000000016afb800 DEOPT PACKING pc=0x0000000002b0e751 sp=0x000000001617eaa0
Event: 11.554 Thread 0x0000000016afb800 DEOPT UNPACKING pc=0x000000000231747f sp=0x000000001617e828 mode 0
Event: 11.557 Thread 0x0000000016afb800 DEOPT PACKING pc=0x0000000002b0db10 sp=0x000000001617ecc0
Event: 11.557 Thread 0x0000000016afb800 DEOPT UNPACKING pc=0x000000000231747f sp=0x000000001617ea20 mode 0
Event: 11.584 Thread 0x0000000016afb800 DEOPT PACKING pc=0x0000000002b0c537 sp=0x000000001617eab0
Event: 11.584 Thread 0x0000000016afb800 DEOPT UNPACKING pc=0x000000000231747f sp=0x000000001617e878 mode 0
Event: 11.672 Thread 0x0000000016afb800 DEOPT PACKING pc=0x0000000002b11c61 sp=0x000000001617ea60
Event: 11.672 Thread 0x0000000016afb800 DEOPT UNPACKING pc=0x000000000231747f sp=0x000000001617e868 mode 0


Dynamic libraries:
0x000007f7c5f30000 - 0x000007f7c5f67000 	C:\Program Files\Java\jdk1.8.0_74\bin\java.exe
0x000007fabf490000 - 0x000007fabf64d000 	C:\WINDOWS\SYSTEM32\ntdll.dll
0x000007fabee60000 - 0x000007fabef96000 	C:\WINDOWS\system32\KERNEL32.DLL
0x000007fabc5d0000 - 0x000007fabc6c4000 	C:\WINDOWS\system32\KERNELBASE.dll
0x000007fabcb60000 - 0x000007fabcc3e000 	C:\WINDOWS\system32\ADVAPI32.dll
0x000007fabc9b0000 - 0x000007fabcafc000 	C:\WINDOWS\system32\USER32.dll
0x000007fab9f10000 - 0x000007faba17a000 	C:\WINDOWS\WinSxS\amd64_microsoft.windows.common-controls_6595b64144ccf1df_6.0.9200.17359_none_4188b989718cf1c6\COMCTL32.dll
0x000007fabd2b0000 - 0x000007fabd355000 	C:\WINDOWS\system32\msvcrt.dll
0x000007fabec10000 - 0x000007fabec58000 	C:\WINDOWS\SYSTEM32\sechost.dll
0x000007fabc860000 - 0x000007fabc9a5000 	C:\WINDOWS\system32\RPCRT4.dll
0x000007fabeff0000 - 0x000007fabf131000 	C:\WINDOWS\system32\GDI32.dll
0x000007fabd750000 - 0x000007fabd789000 	C:\WINDOWS\system32\IMM32.DLL
0x000007fabea80000 - 0x000007fabeb95000 	C:\WINDOWS\system32\MSCTF.dll
0x000000006a010000 - 0x000000006a0e2000 	C:\Program Files\Java\jdk1.8.0_74\jre\bin\msvcr100.dll
0x000000006a540000 - 0x000000006add0000 	C:\Program Files\Java\jdk1.8.0_74\jre\bin\server\jvm.dll
0x000007fab5870000 - 0x000007fab5879000 	C:\WINDOWS\SYSTEM32\WSOCK32.dll
0x000007fab5920000 - 0x000007fab5940000 	C:\WINDOWS\SYSTEM32\WINMM.dll
0x000007fab60d0000 - 0x000007fab60d9000 	C:\WINDOWS\SYSTEM32\VERSION.dll
0x000007fabefb0000 - 0x000007fabefb7000 	C:\WINDOWS\system32\PSAPI.DLL
0x000007fabcb00000 - 0x000007fabcb58000 	C:\WINDOWS\system32\WS2_32.dll
0x000007fab58e0000 - 0x000007fab5912000 	C:\WINDOWS\SYSTEM32\WINMMBASE.dll
0x000007fabd2a0000 - 0x000007fabd2a9000 	C:\WINDOWS\system32\NSI.dll
0x000000006a530000 - 0x000000006a53f000 	C:\Program Files\Java\jdk1.8.0_74\jre\bin\verify.dll
0x000000006a500000 - 0x000000006a529000 	C:\Program Files\Java\jdk1.8.0_74\jre\bin\java.dll
0x000000006a4e0000 - 0x000000006a4f6000 	C:\Program Files\Java\jdk1.8.0_74\jre\bin\zip.dll
0x000007fabd790000 - 0x000007fabea75000 	C:\WINDOWS\system32\SHELL32.dll
0x000007fabecb0000 - 0x000007fabee60000 	C:\WINDOWS\SYSTEM32\combase.dll
0x000007fabec60000 - 0x000007fabecb0000 	C:\WINDOWS\system32\SHLWAPI.dll
0x000007faba370000 - 0x000007faba406000 	C:\WINDOWS\SYSTEM32\SHCORE.dll
0x000007fabc3b0000 - 0x000007fabc3c5000 	C:\WINDOWS\system32\profapi.dll

VM Arguments:
jvm_args: -Djava.awt.headless=true -Xmx1024M -Dfile.encoding=windows-1252 -Duser.country=ZA -Duser.language=en -Duser.variant 
java_command: com.android.dx.command.Main --dex --force-jumbo --num-threads=4 --multi-dex --output C:\Users\ObesT\team06\NewFiles(27-07-2016)\IntelliFleetMobile\app\build\intermediates\transforms\dex\debug\folders\1000\10\com.google.android.gms-play-services-basement-9.4.0_699e8343052e550ad086eff172ab43154633f09f C:\Users\ObesT\team06\NewFiles(27-07-2016)\IntelliFleetMobile\app\build\intermediates\exploded-aar\com.google.android.gms\play-services-basement\9.4.0\jars\classes.jar
java_class_path (initial): C:\Users\ObesT\AppData\Local\Android\sdk\build-tools\build-tools-23.0.1\lib\dx.jar
Launcher Type: SUN_STANDARD

Environment Variables:
JAVA_HOME=C:\Program Files\Java\jdk1.8.0_74
PATH=C:\ProgramData\Oracle\Java\javapath;C:\Program Files\Broadcom\Broadcom 802.11 Network Adapter\Driver;C:\Program Files (x86)\Intel\iCLS Client\;C:\Program Files\Intel\iCLS Client\;C:\WINDOWS\system32;C:\WINDOWS;C:\WINDOWS\System32\Wbem;C:\WINDOWS\System32\WindowsPowerShell\v1.0\;C:\Program Files\Intel\Intel(R) Management Engine Components\DAL;C:\Program Files\Intel\Intel(R) Management Engine Components\IPT;C:\Program Files (x86)\Intel\Intel(R) Management Engine Components\DAL;C:\Program Files (x86)\Intel\Intel(R) Management Engine Components\IPT;C:\Program Files (x86)\Intel\OpenCL SDK\2.0\bin\x86;C:\Program Files (x86)\Intel\OpenCL SDK\2.0\bin\x64;C:\Program Files\Microsoft\Web Platform Installer\;C:\Program Files (x86)\Microsoft ASP.NET\ASP.NET Web Pages\v1.0\;C:\Program Files\Microsoft SQL Server\110\Tools\Binn\;C:\Program Files\Git\cmd;C:\Program Files (x86)\Common Files\lenovo\easyplussdk\bin;C:\Program Files (x86)\Windows Kits\8.1\Windows Performance Toolkit\;C:\Program Files\Microsoft SQL Server\130\Tools\Binn\;C:\Program Files\Microsoft SQL Server\Client SDK\ODBC\110\Tools\Binn\;C:\Program Files (x86)\Microsoft SQL Server\130\Tools\Binn\;C:\Program Files\Microsoft SQL Server\130\DTS\Binn\;C:\Program Files (x86)\Microsoft SQL Server\130\Tools\Binn\ManagementStudio\;C:\Program Files (x86)\Microsoft SQL Server\130\DTS\Binn\
USERNAME=ObesT
OS=Windows_NT
PROCESSOR_IDENTIFIER=Intel64 Family 6 Model 42 Stepping 7, GenuineIntel



---------------  S Y S T E M  ---------------

OS: Windows 8 , 64 bit Build 9200 (6.2.9200.16815)

CPU:total 2 (2 cores per cpu, 1 threads per core) family 6 model 42 stepping 7, cmov, cx8, fxsr, mmx, sse, sse2, sse3, ssse3, sse4.1, sse4.2, popcnt, clmul, tsc, tscinvbit

Memory: 4k page, physical 4036004k(182692k free), swap 8230308k(7392k free)

vm_info: Java HotSpot(TM) 64-Bit Server VM (25.74-b02) for windows-amd64 JRE (1.8.0_74-b02), built on Jan 29 2016 17:42:36 by "java_re" with MS VC++ 10.0 (VS2010)

time: Sun Sep 11 18:04:42 2016
elapsed time: 11 seconds (0d 0h 0m 11s)

