#
# There is insufficient memory for the Java Runtime Environment to continue.
# Native memory allocation (malloc) failed to allocate 871824 bytes for Chunk::new
# Possible reasons:
#   The system is out of physical RAM or swap space
#   In 32 bit mode, the process size limit was hit
# Possible solutions:
#   Reduce memory load on the system
#   Increase physical memory or swap space
#   Check if swap backing store is full
#   Use 64 bit Java on a 64 bit OS
#   Decrease Java heap size (-Xmx/-Xms)
#   Decrease number of Java threads
#   Decrease Java thread stack sizes (-Xss)
#   Set larger code cache with -XX:ReservedCodeCacheSize=
# This output file may be truncated or incomplete.
#
#  Out of Memory Error (allocation.cpp:390), pid=3632, tid=6020
#
# JRE version: Java(TM) SE Runtime Environment (8.0_74-b02) (build 1.8.0_74-b02)
# Java VM: Java HotSpot(TM) 64-Bit Server VM (25.74-b02 mixed mode windows-amd64 compressed oops)
# Failed to write core dump. Minidumps are not enabled by default on client versions of Windows
#

---------------  T H R E A D  ---------------

Current thread (0x00000000151f4800):  JavaThread "C2 CompilerThread0" daemon [_thread_in_native, id=6020, stack(0x0000000016200000,0x0000000016300000)]

Stack: [0x0000000016200000,0x0000000016300000]
[error occurred during error reporting (printing stack bounds), id 0xc0000005]

Native frames: (J=compiled Java code, j=interpreted, Vv=VM code, C=native code)


Current CompileTask:
C2:   7935 1650       4       com.android.dx.ssa.LocalVariableExtractor::processBlock (383 bytes)


---------------  P R O C E S S  ---------------

Java Threads: ( => current thread )
  0x0000000016853000 JavaThread "pool-2-thread-4" [_thread_blocked, id=3524, stack(0x0000000016e00000,0x0000000016f00000)]
  0x0000000016850000 JavaThread "pool-2-thread-3" [_thread_blocked, id=244, stack(0x0000000016d00000,0x0000000016e00000)]
  0x000000001684d000 JavaThread "pool-2-thread-2" [_thread_blocked, id=1092, stack(0x0000000016c00000,0x0000000016d00000)]
  0x000000001684c000 JavaThread "pool-3-thread-1" [_thread_blocked, id=5188, stack(0x0000000016b00000,0x0000000016c00000)]
  0x000000001684b800 JavaThread "pool-2-thread-1" [_thread_blocked, id=3336, stack(0x0000000016a00000,0x0000000016b00000)]
  0x000000001525e000 JavaThread "Service Thread" daemon [_thread_blocked, id=1220, stack(0x0000000016400000,0x0000000016500000)]
  0x00000000151f8000 JavaThread "C1 CompilerThread1" daemon [_thread_blocked, id=3760, stack(0x0000000016300000,0x0000000016400000)]
=>0x00000000151f4800 JavaThread "C2 CompilerThread0" daemon [_thread_in_native, id=6020, stack(0x0000000016200000,0x0000000016300000)]
  0x00000000151f3000 JavaThread "Attach Listener" daemon [_thread_blocked, id=3720, stack(0x0000000016100000,0x0000000016200000)]
  0x0000000015202000 JavaThread "Signal Dispatcher" daemon [_thread_blocked, id=5808, stack(0x0000000016000000,0x0000000016100000)]
  0x0000000002d68800 JavaThread "Finalizer" daemon [_thread_blocked, id=5584, stack(0x0000000015e30000,0x0000000015f30000)]
  0x0000000002d5d000 JavaThread "Reference Handler" daemon [_thread_blocked, id=896, stack(0x0000000015d30000,0x0000000015e30000)]
  0x0000000002c72800 JavaThread "main" [_thread_in_native, id=6052, stack(0x0000000002890000,0x0000000002990000)]

Other Threads:
  0x00000000151c5000 VMThread [stack: 0x0000000015c30000,0x0000000015d30000] [id=4348]
  0x0000000015269000 WatcherThread [stack: 0x0000000016500000,0x0000000016600000] [id=2376]

VM state:not at safepoint (normal execution)

VM Mutex/Monitor currently owned by a thread: None

Heap:
 PSYoungGen      total 134656K, used 77435K [0x00000000eab00000, 0x00000000f4600000, 0x0000000100000000)
  eden space 121344K, 52% used [0x00000000eab00000,0x00000000ee9a00b0,0x00000000f2180000)
  from space 13312K, 99% used [0x00000000f3200000,0x00000000f3efee00,0x00000000f3f00000)
  to   space 16896K, 0% used [0x00000000f2180000,0x00000000f2180000,0x00000000f3200000)
 ParOldGen       total 42496K, used 27886K [0x00000000c0000000, 0x00000000c2980000, 0x00000000eab00000)
  object space 42496K, 65% used [0x00000000c0000000,0x00000000c1b3b8c0,0x00000000c2980000)
 Metaspace       used 6447K, capacity 7256K, committed 7424K, reserved 1056768K
  class space    used 618K, capacity 656K, committed 768K, reserved 1048576K

Card table byte_map: [0x0000000012130000,0x0000000012340000] byte_map_base: 0x0000000011b30000

Marking Bits: (ParMarkBitMap*) 0x0000000051970600
 Begin Bits: [0x00000000126a0000, 0x00000000136a0000)
 End Bits:   [0x00000000136a0000, 0x00000000146a0000)

Polling page: 0x00000000027c0000

CodeCache: size=245760Kb used=8134Kb max_used=8134Kb free=237625Kb
 bounds [0x0000000002d70000, 0x0000000003570000, 0x0000000011d70000]
 total_blobs=2139 nmethods=1870 adapters=182
 compilation: enabled

Compilation events (10 events):
Event: 6.892 Thread 0x00000000151f8000 1876       2       com.android.dx.command.dexer.Main$ClassTranslatorTask::call (14 bytes)
Event: 6.892 Thread 0x00000000151f8000 nmethod 1876 0x000000000354aed0 code [0x000000000354b040, 0x000000000354b1c8]
Event: 6.892 Thread 0x00000000151f8000 1877   !   2       com.android.dx.dex.cf.CfTranslator::translate (44 bytes)
Event: 6.893 Thread 0x00000000151f8000 nmethod 1877 0x000000000354b290 code [0x000000000354b440, 0x000000000354b7c8]
Event: 6.937 Thread 0x00000000151f8000 1879       2       com.android.dx.command.dexer.Main$ClassDefItemConsumer::call (5 bytes)
Event: 6.937 Thread 0x00000000151f8000 nmethod 1879 0x000000000354ba90 code [0x000000000354bc00, 0x000000000354bd68]
Event: 6.937 Thread 0x00000000151f8000 1880   !   2       com.android.dx.command.dexer.Main$ClassDefItemConsumer::call (161 bytes)
Event: 6.938 Thread 0x00000000151f8000 nmethod 1880 0x000000000354be10 code [0x000000000354c000, 0x000000000354c9b8]
Event: 6.938 Thread 0x00000000151f8000 1881       2       com.android.dx.command.dexer.Main::access$2800 (5 bytes)
Event: 6.939 Thread 0x00000000151f8000 nmethod 1881 0x000000000354d210 code [0x000000000354d380, 0x000000000354d688]

GC Heap History (10 events):
Event: 3.404 GC heap before
{Heap before GC invocations=4 (full 0):
 PSYoungGen      total 18432K, used 18408K [0x00000000eab00000, 0x00000000ecf00000, 0x0000000100000000)
  eden space 15872K, 100% used [0x00000000eab00000,0x00000000eba80000,0x00000000eba80000)
  from space 2560K, 99% used [0x00000000eba80000,0x00000000ebcfa0a8,0x00000000ebd00000)
  to   space 2560K, 0% used [0x00000000ecc80000,0x00000000ecc80000,0x00000000ecf00000)
 ParOldGen       total 42496K, used 9339K [0x00000000c0000000, 0x00000000c2980000, 0x00000000eab00000)
  object space 42496K, 21% used [0x00000000c0000000,0x00000000c091efc0,0x00000000c2980000)
 Metaspace       used 6186K, capacity 7088K, committed 7296K, reserved 1056768K
  class space    used 597K, capacity 616K, committed 640K, reserved 1048576K
Event: 3.444 GC heap after
Heap after GC invocations=4 (full 0):
 PSYoungGen      total 34304K, used 2536K [0x00000000eab00000, 0x00000000ecf00000, 0x0000000100000000)
  eden space 31744K, 0% used [0x00000000eab00000,0x00000000eab00000,0x00000000eca00000)
  from space 2560K, 99% used [0x00000000ecc80000,0x00000000ecefa0a8,0x00000000ecf00000)
  to   space 2560K, 0% used [0x00000000eca00000,0x00000000eca00000,0x00000000ecc80000)
 ParOldGen       total 42496K, used 11344K [0x00000000c0000000, 0x00000000c2980000, 0x00000000eab00000)
  object space 42496K, 26% used [0x00000000c0000000,0x00000000c0b14040,0x00000000c2980000)
 Metaspace       used 6186K, capacity 7088K, committed 7296K, reserved 1056768K
  class space    used 597K, capacity 616K, committed 640K, reserved 1048576K
}
Event: 4.079 GC heap before
{Heap before GC invocations=5 (full 0):
 PSYoungGen      total 34304K, used 34280K [0x00000000eab00000, 0x00000000ecf00000, 0x0000000100000000)
  eden space 31744K, 100% used [0x00000000eab00000,0x00000000eca00000,0x00000000eca00000)
  from space 2560K, 99% used [0x00000000ecc80000,0x00000000ecefa0a8,0x00000000ecf00000)
  to   space 2560K, 0% used [0x00000000eca00000,0x00000000eca00000,0x00000000ecc80000)
 ParOldGen       total 42496K, used 11344K [0x00000000c0000000, 0x00000000c2980000, 0x00000000eab00000)
  object space 42496K, 26% used [0x00000000c0000000,0x00000000c0b14040,0x00000000c2980000)
 Metaspace       used 6205K, capacity 7152K, committed 7296K, reserved 1056768K
  class space    used 597K, capacity 616K, committed 640K, reserved 1048576K
Event: 4.122 GC heap after
Heap after GC invocations=5 (full 0):
 PSYoungGen      total 34304K, used 2535K [0x00000000eab00000, 0x00000000ef800000, 0x0000000100000000)
  eden space 31744K, 0% used [0x00000000eab00000,0x00000000eab00000,0x00000000eca00000)
  from space 2560K, 99% used [0x00000000eca00000,0x00000000ecc79f00,0x00000000ecc80000)
  to   space 7680K, 0% used [0x00000000ef080000,0x00000000ef080000,0x00000000ef800000)
 ParOldGen       total 42496K, used 16186K [0x00000000c0000000, 0x00000000c2980000, 0x00000000eab00000)
  object space 42496K, 38% used [0x00000000c0000000,0x00000000c0fce9e8,0x00000000c2980000)
 Metaspace       used 6205K, capacity 7152K, committed 7296K, reserved 1056768K
  class space    used 597K, capacity 616K, committed 640K, reserved 1048576K
}
Event: 4.563 GC heap before
{Heap before GC invocations=6 (full 0):
 PSYoungGen      total 34304K, used 34279K [0x00000000eab00000, 0x00000000ef800000, 0x0000000100000000)
  eden space 31744K, 100% used [0x00000000eab00000,0x00000000eca00000,0x00000000eca00000)
  from space 2560K, 99% used [0x00000000eca00000,0x00000000ecc79f00,0x00000000ecc80000)
  to   space 7680K, 0% used [0x00000000ef080000,0x00000000ef080000,0x00000000ef800000)
 ParOldGen       total 42496K, used 16186K [0x00000000c0000000, 0x00000000c2980000, 0x00000000eab00000)
  object space 42496K, 38% used [0x00000000c0000000,0x00000000c0fce9e8,0x00000000c2980000)
 Metaspace       used 6308K, capacity 7192K, committed 7424K, reserved 1056768K
  class space    used 617K, capacity 656K, committed 768K, reserved 1048576K
Event: 4.617 GC heap after
Heap after GC invocations=6 (full 0):
 PSYoungGen      total 70144K, used 7662K [0x00000000eab00000, 0x00000000efa00000, 0x0000000100000000)
  eden space 62464K, 0% used [0x00000000eab00000,0x00000000eab00000,0x00000000ee800000)
  from space 7680K, 99% used [0x00000000ef080000,0x00000000ef7fba90,0x00000000ef800000)
  to   space 8704K, 0% used [0x00000000ee800000,0x00000000ee800000,0x00000000ef080000)
 ParOldGen       total 42496K, used 16186K [0x00000000c0000000, 0x00000000c2980000, 0x00000000eab00000)
  object space 42496K, 38% used [0x00000000c0000000,0x00000000c0fce9e8,0x00000000c2980000)
 Metaspace       used 6308K, capacity 7192K, committed 7424K, reserved 1056768K
  class space    used 617K, capacity 656K, committed 768K, reserved 1048576K
}
Event: 5.240 GC heap before
{Heap before GC invocations=7 (full 0):
 PSYoungGen      total 70144K, used 70126K [0x00000000eab00000, 0x00000000efa00000, 0x0000000100000000)
  eden space 62464K, 100% used [0x00000000eab00000,0x00000000ee800000,0x00000000ee800000)
  from space 7680K, 99% used [0x00000000ef080000,0x00000000ef7fba90,0x00000000ef800000)
  to   space 8704K, 0% used [0x00000000ee800000,0x00000000ee800000,0x00000000ef080000)
 ParOldGen       total 42496K, used 16186K [0x00000000c0000000, 0x00000000c2980000, 0x00000000eab00000)
  object space 42496K, 38% used [0x00000000c0000000,0x00000000c0fce9e8,0x00000000c2980000)
 Metaspace       used 6323K, capacity 7192K, committed 7424K, reserved 1056768K
  class space    used 617K, capacity 656K, committed 768K, reserved 1048576K
Event: 5.298 GC heap after
Heap after GC invocations=7 (full 0):
 PSYoungGen      total 71168K, used 8689K [0x00000000eab00000, 0x00000000f3f00000, 0x0000000100000000)
  eden space 62464K, 0% used [0x00000000eab00000,0x00000000eab00000,0x00000000ee800000)
  from space 8704K, 99% used [0x00000000ee800000,0x00000000ef07c638,0x00000000ef080000)
  to   space 13312K, 0% used [0x00000000f3200000,0x00000000f3200000,0x00000000f3f00000)
 ParOldGen       total 42496K, used 23808K [0x00000000c0000000, 0x00000000c2980000, 0x00000000eab00000)
  object space 42496K, 56% used [0x00000000c0000000,0x00000000c1740180,0x00000000c2980000)
 Metaspace       used 6323K, capacity 7192K, committed 7424K, reserved 1056768K
  class space    used 617K, capacity 656K, committed 768K, reserved 1048576K
}
Event: 5.985 GC heap before
{Heap before GC invocations=8 (full 0):
 PSYoungGen      total 71168K, used 71153K [0x00000000eab00000, 0x00000000f3f00000, 0x0000000100000000)
  eden space 62464K, 100% used [0x00000000eab00000,0x00000000ee800000,0x00000000ee800000)
  from space 8704K, 99% used [0x00000000ee800000,0x00000000ef07c638,0x00000000ef080000)
  to   space 13312K, 0% used [0x00000000f3200000,0x00000000f3200000,0x00000000f3f00000)
 ParOldGen       total 42496K, used 23808K [0x00000000c0000000, 0x00000000c2980000, 0x00000000eab00000)
  object space 42496K, 56% used [0x00000000c0000000,0x00000000c1740180,0x00000000c2980000)
 Metaspace       used 6356K, capacity 7192K, committed 7424K, reserved 1056768K
  class space    used 618K, capacity 656K, committed 768K, reserved 1048576K
Event: 6.048 GC heap after
Heap after GC invocations=8 (full 0):
 PSYoungGen      total 134656K, used 13307K [0x00000000eab00000, 0x00000000f4600000, 0x0000000100000000)
  eden space 121344K, 0% used [0x00000000eab00000,0x00000000eab00000,0x00000000f2180000)
  from space 13312K, 99% used [0x00000000f3200000,0x00000000f3efee00,0x00000000f3f00000)
  to   space 16896K, 0% used [0x00000000f2180000,0x00000000f2180000,0x00000000f3200000)
 ParOldGen       total 42496K, used 27886K [0x00000000c0000000, 0x00000000c2980000, 0x00000000eab00000)
  object space 42496K, 65% used [0x00000000c0000000,0x00000000c1b3b8c0,0x00000000c2980000)
 Metaspace       used 6356K, capacity 7192K, committed 7424K, reserved 1056768K
  class space    used 618K, capacity 656K, committed 768K, reserved 1048576K
}

Deoptimization events (10 events):
Event: 4.362 Thread 0x0000000016853000 Uncommon trap: reason=bimorphic action=maybe_recompile pc=0x0000000003436a68 method=com.android.dx.cf.code.BytecodeArray.parseInstruction(ILcom/android/dx/cf/code/BytecodeArray$Visitor;)I @ 939
Event: 4.362 Thread 0x0000000016853000 Uncommon trap: reason=bimorphic action=maybe_recompile pc=0x0000000003436a68 method=com.android.dx.cf.code.BytecodeArray.parseInstruction(ILcom/android/dx/cf/code/BytecodeArray$Visitor;)I @ 939
Event: 4.418 Thread 0x000000001684b800 Uncommon trap: reason=unstable_if action=reinterpret pc=0x00000000034651fc method=java.util.HashMap.getNode(ILjava/lang/Object;)Ljava/util/HashMap$Node; @ 84
Event: 4.454 Thread 0x0000000016853000 Uncommon trap: reason=unstable_if action=reinterpret pc=0x00000000032154fc method=com.android.dx.util.IntList.binarysearch(I)I @ 105
Event: 5.085 Thread 0x0000000002c72800 Uncommon trap: reason=bimorphic action=maybe_recompile pc=0x000000000348ccbc method=com.android.dx.cf.code.BytecodeArray.parseInstruction(ILcom/android/dx/cf/code/BytecodeArray$Visitor;)I @ 1130
Event: 5.085 Thread 0x0000000002c72800 Uncommon trap: reason=bimorphic action=maybe_recompile pc=0x000000000348ce5c method=com.android.dx.cf.code.BytecodeArray.parseInstruction(ILcom/android/dx/cf/code/BytecodeArray$Visitor;)I @ 1224
Event: 5.085 Thread 0x0000000002c72800 Uncommon trap: reason=bimorphic action=maybe_recompile pc=0x000000000348ce5c method=com.android.dx.cf.code.BytecodeArray.parseInstruction(ILcom/android/dx/cf/code/BytecodeArray$Visitor;)I @ 1224
Event: 5.151 Thread 0x0000000002c72800 Uncommon trap: reason=unstable_if action=reinterpret pc=0x00000000033a8154 method=com.android.dx.ssa.SCCP.simulateBranch(Lcom/android/dx/ssa/SsaInsn;)V @ 64
Event: 5.803 Thread 0x000000001684d000 Uncommon trap: reason=unstable_if action=reinterpret pc=0x00000000034a55fc method=com.android.dx.ssa.LiteralOpUpgrader$1.visitNonMoveInsn(Lcom/android/dx/ssa/NormalSsaInsn;)V @ 91
Event: 5.803 Thread 0x000000001684d000 Uncommon trap: reason=unstable_if action=reinterpret pc=0x00000000032722dc method=com.android.dx.ssa.SsaMethod.updateOneDefinition(Lcom/android/dx/ssa/SsaInsn;Lcom/android/dx/rop/code/RegisterSpec;)V @ 4

Internal exceptions (6 events):
Event: 0.043 Thread 0x0000000002c72800 Exception <a 'java/lang/NoSuchMethodError': Method sun.misc.Unsafe.defineClass(Ljava/lang/String;[BII)Ljava/lang/Class; name or signature does not match> (0x00000000eab07cc0) thrown at [C:\re\workspace\8-2-build-windows-amd64-cygwin\jdk8u74\6087\hotspot\sr+ä\á%(¶?
Event: 0.043 Thread 0x0000000002c72800 Exception <a 'java/lang/NoSuchMethodError': Method sun.misc.Unsafe.prefetchRead(Ljava/lang/Object;J)V name or signature does not match> (0x00000000eab07fa8) thrown at [C:\re\workspace\8-2-build-windows-amd64-cygwin\jdk8u74\6087\hotspot\src\share\vm\prims\jÃœa‹è@
Event: 3.820 Thread 0x0000000016850000 Implicit null exception at 0x0000000003305b93 to 0x0000000003305cfd
Event: 4.236 Thread 0x0000000016853000 Exception <a 'java/lang/ArrayIndexOutOfBoundsException': 18> (0x00000000eb1a55f0) thrown at [C:\re\workspace\8-2-build-windows-amd64-cygwin\jdk8u74\6087\hotspot\src\share\vm\interpreter\interpreterRuntime.cpp, line 366]
Event: 4.237 Thread 0x0000000016853000 Exception <a 'java/lang/ArrayIndexOutOfBoundsException': 145> (0x00000000eb2f0e68) thrown at [C:\re\workspace\8-2-build-windows-amd64-cygwin\jdk8u74\6087\hotspot\src\share\vm\interpreter\interpreterRuntime.cpp, line 366]
Event: 4.323 Thread 0x0000000016853000 Exception <a 'java/lang/ArrayIndexOutOfBoundsException'> (0x00000000eb2f2150) thrown at [C:\re\workspace\8-2-build-windows-amd64-cygwin\jdk8u74\6087\hotspot\src\share\vm\runtime\sharedRuntime.cpp, line 605]

Events (10 events):
Event: 5.803 Thread 0x000000001684d000 DEOPT UNPACKING pc=0x0000000002db582a sp=0x0000000016cfea60 mode 2
Event: 5.803 Thread 0x000000001684d000 Uncommon trap: trap_request=0xffffff65 fr.pc=0x00000000032722dc
Event: 5.803 Thread 0x000000001684d000 DEOPT PACKING pc=0x00000000032722dc sp=0x0000000016cfe8c0
Event: 5.803 Thread 0x000000001684d000 DEOPT UNPACKING pc=0x0000000002db582a sp=0x0000000016cfe868 mode 2
Event: 5.984 Executing VM operation: ParallelGCFailedAllocation
Event: 6.048 Executing VM operation: ParallelGCFailedAllocation done
Event: 6.747 Thread 0x0000000016853000 DEOPT PACKING pc=0x0000000003144283 sp=0x0000000016efeb30
Event: 6.747 Thread 0x0000000016853000 DEOPT UNPACKING pc=0x0000000002db747f sp=0x0000000016efe8b0 mode 0
Event: 6.910 Thread 0x000000001684d000 DEOPT PACKING pc=0x0000000003144283 sp=0x0000000016cfeb20
Event: 6.910 Thread 0x000000001684d000 DEOPT UNPACKING pc=0x0000000002db747f sp=0x0000000016cfe8a0 mode 0


Dynamic libraries:
0x000007f635000000 - 0x000007f635037000 	C:\Program Files\Java\jdk1.8.0_74\bin\java.exe
0x000007f84dbb0000 - 0x000007f84dd6d000 	C:\WINDOWS\SYSTEM32\ntdll.dll
0x000007f84d5b0000 - 0x000007f84d6e6000 	C:\WINDOWS\system32\KERNEL32.DLL
0x000007f84abc0000 - 0x000007f84acb4000 	C:\WINDOWS\system32\KERNELBASE.dll
0x000007f84b440000 - 0x000007f84b51e000 	C:\WINDOWS\system32\ADVAPI32.dll
0x000007f84b100000 - 0x000007f84b24c000 	C:\WINDOWS\system32\USER32.dll
0x000007f848f30000 - 0x000007f84919a000 	C:\WINDOWS\WinSxS\amd64_microsoft.windows.common-controls_6595b64144ccf1df_6.0.9200.17359_none_4188b989718cf1c6\COMCTL32.dll
0x000007f84ca60000 - 0x000007f84cb05000 	C:\WINDOWS\system32\msvcrt.dll
0x000007f84b250000 - 0x000007f84b298000 	C:\WINDOWS\SYSTEM32\sechost.dll
0x000007f84d880000 - 0x000007f84d9c5000 	C:\WINDOWS\system32\RPCRT4.dll
0x000007f84d9d0000 - 0x000007f84db11000 	C:\WINDOWS\system32\GDI32.dll
0x000007f84ccc0000 - 0x000007f84ccf9000 	C:\WINDOWS\system32\IMM32.DLL
0x000007f84d380000 - 0x000007f84d495000 	C:\WINDOWS\system32\MSCTF.dll
0x0000000050ca0000 - 0x0000000050d72000 	C:\Program Files\Java\jdk1.8.0_74\jre\bin\msvcr100.dll
0x0000000051160000 - 0x00000000519f0000 	C:\Program Files\Java\jdk1.8.0_74\jre\bin\server\jvm.dll
0x000007f843f90000 - 0x000007f843f99000 	C:\WINDOWS\SYSTEM32\WSOCK32.dll
0x000007f844040000 - 0x000007f844060000 	C:\WINDOWS\SYSTEM32\WINMM.dll
0x000007f845ea0000 - 0x000007f845ea9000 	C:\WINDOWS\SYSTEM32\VERSION.dll
0x000007f84d870000 - 0x000007f84d877000 	C:\WINDOWS\system32\PSAPI.DLL
0x000007f84b0a0000 - 0x000007f84b0f8000 	C:\WINDOWS\system32\WS2_32.dll
0x000007f844000000 - 0x000007f844032000 	C:\WINDOWS\SYSTEM32\WINMMBASE.dll
0x000007f84cf70000 - 0x000007f84cf79000 	C:\WINDOWS\system32\NSI.dll
0x0000000051150000 - 0x000000005115f000 	C:\Program Files\Java\jdk1.8.0_74\jre\bin\verify.dll
0x0000000051120000 - 0x0000000051149000 	C:\Program Files\Java\jdk1.8.0_74\jre\bin\java.dll
0x0000000051100000 - 0x0000000051116000 	C:\Program Files\Java\jdk1.8.0_74\jre\bin\zip.dll
0x000007f84b770000 - 0x000007f84ca55000 	C:\WINDOWS\system32\SHELL32.dll
0x000007f84cb10000 - 0x000007f84ccc0000 	C:\WINDOWS\SYSTEM32\combase.dll
0x000007f84af80000 - 0x000007f84afd0000 	C:\WINDOWS\system32\SHLWAPI.dll
0x000007f849390000 - 0x000007f849426000 	C:\WINDOWS\SYSTEM32\SHCORE.dll
0x000007f84aad0000 - 0x000007f84aae5000 	C:\WINDOWS\system32\profapi.dll

VM Arguments:
jvm_args: -Djava.awt.headless=true -Xmx1024M -Dfile.encoding=windows-1252 -Duser.country=ZA -Duser.language=en -Duser.variant 
java_command: com.android.dx.command.Main --dex --num-threads=4 --multi-dex --main-dex-list C:\Users\ObesT\team06\NewFiles(27-07-2016)\IntelliFleetMobile\app\build\intermediates\multi-dex\debug\maindexlist.txt --output C:\Users\ObesT\team06\NewFiles(27-07-2016)\IntelliFleetMobile\app\build\intermediates\transforms\dex\debug\folders\1000\1f\main C:\Users\ObesT\team06\NewFiles(27-07-2016)\IntelliFleetMobile\app\build\intermediates\transforms\jarMerging\debug\jars\1\1f\combined.jar
java_class_path (initial): C:\Users\ObesT\AppData\Local\Android\sdk\build-tools\build-tools-23.0.1\lib\dx.jar
Launcher Type: SUN_STANDARD

Environment Variables:
JAVA_HOME=C:\Program Files\Java\jdk1.8.0_74
PATH=C:\ProgramData\Oracle\Java\javapath;C:\Program Files\Broadcom\Broadcom 802.11 Network Adapter\Driver;C:\Program Files (x86)\Intel\iCLS Client\;C:\Program Files\Intel\iCLS Client\;C:\WINDOWS\system32;C:\WINDOWS;C:\WINDOWS\System32\Wbem;C:\WINDOWS\System32\WindowsPowerShell\v1.0\;C:\Program Files\Intel\Intel(R) Management Engine Components\DAL;C:\Program Files\Intel\Intel(R) Management Engine Components\IPT;C:\Program Files (x86)\Intel\Intel(R) Management Engine Components\DAL;C:\Program Files (x86)\Intel\Intel(R) Management Engine Components\IPT;C:\Program Files (x86)\Intel\OpenCL SDK\2.0\bin\x86;C:\Program Files (x86)\Intel\OpenCL SDK\2.0\bin\x64;C:\Program Files\Microsoft\Web Platform Installer\;C:\Program Files (x86)\Microsoft ASP.NET\ASP.NET Web Pages\v1.0\;C:\Program Files\Microsoft SQL Server\110\Tools\Binn\;C:\Program Files\Git\cmd;C:\Program Files (x86)\Common Files\lenovo\easyplussdk\bin;C:\Program Files (x86)\Windows Kits\8.1\Windows Performance Toolkit\;C:\Program Files\Microsoft SQL Server\130\Tools\Binn\;C:\Program Files\Microsoft SQL Server\Client SDK\ODBC\110\Tools\Binn\;C:\Program Files (x86)\Microsoft SQL Server\130\Tools\Binn\;C:\Program Files\Microsoft SQL Server\130\DTS\Binn\;C:\Program Files (x86)\Microsoft SQL Server\130\Tools\Binn\ManagementStudio\;C:\Program Files (x86)\Microsoft SQL Server\130\DTS\Binn\
USERNAME=ObesT
OS=Windows_NT
PROCESSOR_IDENTIFIER=Intel64 Family 6 Model 42 Stepping 7, GenuineIntel



---------------  S Y S T E M  ---------------

OS: Windows 8 , 64 bit Build 9200 (6.2.9200.16815)

CPU:total 2 (2 cores per cpu, 1 threads per core) family 6 model 42 stepping 7, cmov, cx8, fxsr, mmx, sse, sse2, sse3, ssse3, sse4.1, sse4.2, popcnt, clmul, tsc, tscinvbit

Memory: 4k page, physical 4036004k(176392k free), swap 8230308k(7108k free)

vm_info: Java HotSpot(TM) 64-Bit Server VM (25.74-b02) for windows-amd64 JRE (1.8.0_74-b02), built on Jan 29 2016 17:42:36 by "java_re" with MS VC++ 10.0 (VS2010)

time: Thu Oct 06 09:52:28 2016
elapsed time: 8 seconds (0d 0h 0m 8s)

